Determining if the pthread_create exist failed with the following output:
Change Dir: /home/scao/Desktop/kinview/CMakeFiles/CMakeTmp

Run Build Command:/usr/bin/make "cmTryCompileExec1281356384/fast"
/usr/bin/make -f CMakeFiles/cmTryCompileExec1281356384.dir/build.make CMakeFiles/cmTryCompileExec1281356384.dir/build
make[1]: Entering directory `/home/scao/Desktop/kinview/CMakeFiles/CMakeTmp'
/usr/bin/cmake -E cmake_progress_report /home/scao/Desktop/kinview/CMakeFiles/CMakeTmp/CMakeFiles 1
Building C object CMakeFiles/cmTryCompileExec1281356384.dir/CheckSymbolExists.c.o
/usr/bin/cc    -o CMakeFiles/cmTryCompileExec1281356384.dir/CheckSymbolExists.c.o   -c /home/scao/Desktop/kinview/CMakeFiles/CMakeTmp/CheckSymbolExists.c
Linking C executable cmTryCompileExec1281356384
/usr/bin/cmake -E cmake_link_script CMakeFiles/cmTryCompileExec1281356384.dir/link.txt --verbose=1
/usr/bin/cc       CMakeFiles/cmTryCompileExec1281356384.dir/CheckSymbolExists.c.o  -o cmTryCompileExec1281356384 -rdynamic 
CMakeFiles/cmTryCompileExec1281356384.dir/CheckSymbolExists.c.o: In function `main':
CheckSymbolExists.c:(.text+0x16): undefined reference to `pthread_create'
collect2: error: ld returned 1 exit status
make[1]: *** [cmTryCompileExec1281356384] Error 1
make[1]: Leaving directory `/home/scao/Desktop/kinview/CMakeFiles/CMakeTmp'
make: *** [cmTryCompileExec1281356384/fast] Error 2

File /home/scao/Desktop/kinview/CMakeFiles/CMakeTmp/CheckSymbolExists.c:
/* */
#include <pthread.h>

int main(int argc, char** argv)
{
  (void)argv;
#ifndef pthread_create
  return ((int*)(&pthread_create))[argc];
#else
  (void)argc;
  return 0;
#endif
}

Determining if the function pthread_create exists in the pthreads failed with the following output:
Change Dir: /home/scao/Desktop/kinview/CMakeFiles/CMakeTmp

Run Build Command:/usr/bin/make "cmTryCompileExec825665211/fast"
/usr/bin/make -f CMakeFiles/cmTryCompileExec825665211.dir/build.make CMakeFiles/cmTryCompileExec825665211.dir/build
make[1]: Entering directory `/home/scao/Desktop/kinview/CMakeFiles/CMakeTmp'
/usr/bin/cmake -E cmake_progress_report /home/scao/Desktop/kinview/CMakeFiles/CMakeTmp/CMakeFiles 1
Building C object CMakeFiles/cmTryCompileExec825665211.dir/CheckFunctionExists.c.o
/usr/bin/cc   -DCHECK_FUNCTION_EXISTS=pthread_create   -o CMakeFiles/cmTryCompileExec825665211.dir/CheckFunctionExists.c.o   -c /usr/share/cmake-2.8/Modules/CheckFunctionExists.c
Linking C executable cmTryCompileExec825665211
/usr/bin/cmake -E cmake_link_script CMakeFiles/cmTryCompileExec825665211.dir/link.txt --verbose=1
/usr/bin/cc   -DCHECK_FUNCTION_EXISTS=pthread_create    CMakeFiles/cmTryCompileExec825665211.dir/CheckFunctionExists.c.o  -o cmTryCompileExec825665211 -rdynamic -lpthreads 
/usr/bin/ld: cannot find -lpthreads
collect2: error: ld returned 1 exit status
make[1]: *** [cmTryCompileExec825665211] Error 1
make[1]: Leaving directory `/home/scao/Desktop/kinview/CMakeFiles/CMakeTmp'
make: *** [cmTryCompileExec825665211/fast] Error 2


Determining if the pthread_create exist failed with the following output:
Change Dir: /home/shan-cao/Desktop/GitHub/Kinect/CMakeFiles/CMakeTmp

Run Build Command:/usr/bin/make "cmTryCompileExec1339287005/fast"
/usr/bin/make -f CMakeFiles/cmTryCompileExec1339287005.dir/build.make CMakeFiles/cmTryCompileExec1339287005.dir/build
make[1]: Entering directory `/home/shan-cao/Desktop/GitHub/Kinect/CMakeFiles/CMakeTmp'
/usr/bin/cmake -E cmake_progress_report /home/shan-cao/Desktop/GitHub/Kinect/CMakeFiles/CMakeTmp/CMakeFiles 1
Building C object CMakeFiles/cmTryCompileExec1339287005.dir/CheckSymbolExists.c.o
/usr/bin/cc    -o CMakeFiles/cmTryCompileExec1339287005.dir/CheckSymbolExists.c.o   -c /home/shan-cao/Desktop/GitHub/Kinect/CMakeFiles/CMakeTmp/CheckSymbolExists.c
Linking C executable cmTryCompileExec1339287005
/usr/bin/cmake -E cmake_link_script CMakeFiles/cmTryCompileExec1339287005.dir/link.txt --verbose=1
/usr/bin/cc       CMakeFiles/cmTryCompileExec1339287005.dir/CheckSymbolExists.c.o  -o cmTryCompileExec1339287005 -rdynamic 
CMakeFiles/cmTryCompileExec1339287005.dir/CheckSymbolExists.c.o: In function `main':
CheckSymbolExists.c:(.text+0x16): undefined reference to `pthread_create'
collect2: error: ld returned 1 exit status
make[1]: Leaving directory `/home/shan-cao/Desktop/GitHub/Kinect/CMakeFiles/CMakeTmp'
make[1]: *** [cmTryCompileExec1339287005] Error 1
make: *** [cmTryCompileExec1339287005/fast] Error 2

File /home/shan-cao/Desktop/GitHub/Kinect/CMakeFiles/CMakeTmp/CheckSymbolExists.c:
/* */
#include <pthread.h>

int main(int argc, char** argv)
{
  (void)argv;
#ifndef pthread_create
  return ((int*)(&pthread_create))[argc];
#else
  (void)argc;
  return 0;
#endif
}

Determining if the function pthread_create exists in the pthreads failed with the following output:
Change Dir: /home/shan-cao/Desktop/GitHub/Kinect/CMakeFiles/CMakeTmp

Run Build Command:/usr/bin/make "cmTryCompileExec3735636703/fast"
/usr/bin/make -f CMakeFiles/cmTryCompileExec3735636703.dir/build.make CMakeFiles/cmTryCompileExec3735636703.dir/build
make[1]: Entering directory `/home/shan-cao/Desktop/GitHub/Kinect/CMakeFiles/CMakeTmp'
/usr/bin/cmake -E cmake_progress_report /home/shan-cao/Desktop/GitHub/Kinect/CMakeFiles/CMakeTmp/CMakeFiles 1
Building C object CMakeFiles/cmTryCompileExec3735636703.dir/CheckFunctionExists.c.o
/usr/bin/cc   -DCHECK_FUNCTION_EXISTS=pthread_create   -o CMakeFiles/cmTryCompileExec3735636703.dir/CheckFunctionExists.c.o   -c /usr/share/cmake-2.8/Modules/CheckFunctionExists.c
Linking C executable cmTryCompileExec3735636703
/usr/bin/cmake -E cmake_link_script CMakeFiles/cmTryCompileExec3735636703.dir/link.txt --verbose=1
/usr/bin/cc   -DCHECK_FUNCTION_EXISTS=pthread_create    CMakeFiles/cmTryCompileExec3735636703.dir/CheckFunctionExists.c.o  -o cmTryCompileExec3735636703 -rdynamic -lpthreads 
/usr/bin/ld: cannot find -lpthreads
collect2: error: ld returned 1 exit status
make[1]: Leaving directory `/home/shan-cao/Desktop/GitHub/Kinect/CMakeFiles/CMakeTmp'
make[1]: *** [cmTryCompileExec3735636703] Error 1
make: *** [cmTryCompileExec3735636703/fast] Error 2


Determining if the pthread_create exist failed with the following output:
Change Dir: /home/shan-cao/Desktop/GitHub/Kinect/CMakeFiles/CMakeTmp

Run Build Command:/usr/bin/make "cmTryCompileExec793770691/fast"
/usr/bin/make -f CMakeFiles/cmTryCompileExec793770691.dir/build.make CMakeFiles/cmTryCompileExec793770691.dir/build
make[1]: Entering directory `/home/shan-cao/Desktop/GitHub/Kinect/CMakeFiles/CMakeTmp'
/usr/bin/cmake -E cmake_progress_report /home/shan-cao/Desktop/GitHub/Kinect/CMakeFiles/CMakeTmp/CMakeFiles 1
Building C object CMakeFiles/cmTryCompileExec793770691.dir/CheckSymbolExists.c.o
/usr/bin/cc    -o CMakeFiles/cmTryCompileExec793770691.dir/CheckSymbolExists.c.o   -c /home/shan-cao/Desktop/GitHub/Kinect/CMakeFiles/CMakeTmp/CheckSymbolExists.c
Linking C executable cmTryCompileExec793770691
/usr/bin/cmake -E cmake_link_script CMakeFiles/cmTryCompileExec793770691.dir/link.txt --verbose=1
/usr/bin/cc       CMakeFiles/cmTryCompileExec793770691.dir/CheckSymbolExists.c.o  -o cmTryCompileExec793770691 -rdynamic 
CMakeFiles/cmTryCompileExec793770691.dir/CheckSymbolExists.c.o: In function `main':
CheckSymbolExists.c:(.text+0x16): undefined reference to `pthread_create'
collect2: error: ld returned 1 exit status
make[1]: *** [cmTryCompileExec793770691] Error 1
make[1]: Leaving directory `/home/shan-cao/Desktop/GitHub/Kinect/CMakeFiles/CMakeTmp'
make: *** [cmTryCompileExec793770691/fast] Error 2

File /home/shan-cao/Desktop/GitHub/Kinect/CMakeFiles/CMakeTmp/CheckSymbolExists.c:
/* */
#include <pthread.h>

int main(int argc, char** argv)
{
  (void)argv;
#ifndef pthread_create
  return ((int*)(&pthread_create))[argc];
#else
  (void)argc;
  return 0;
#endif
}

Determining if the function pthread_create exists in the pthreads failed with the following output:
Change Dir: /home/shan-cao/Desktop/GitHub/Kinect/CMakeFiles/CMakeTmp

Run Build Command:/usr/bin/make "cmTryCompileExec2000738756/fast"
/usr/bin/make -f CMakeFiles/cmTryCompileExec2000738756.dir/build.make CMakeFiles/cmTryCompileExec2000738756.dir/build
make[1]: Entering directory `/home/shan-cao/Desktop/GitHub/Kinect/CMakeFiles/CMakeTmp'
/usr/bin/cmake -E cmake_progress_report /home/shan-cao/Desktop/GitHub/Kinect/CMakeFiles/CMakeTmp/CMakeFiles 1
Building C object CMakeFiles/cmTryCompileExec2000738756.dir/CheckFunctionExists.c.o
/usr/bin/cc   -DCHECK_FUNCTION_EXISTS=pthread_create   -o CMakeFiles/cmTryCompileExec2000738756.dir/CheckFunctionExists.c.o   -c /usr/share/cmake-2.8/Modules/CheckFunctionExists.c
Linking C executable cmTryCompileExec2000738756
/usr/bin/cmake -E cmake_link_script CMakeFiles/cmTryCompileExec2000738756.dir/link.txt --verbose=1
/usr/bin/cc   -DCHECK_FUNCTION_EXISTS=pthread_create    CMakeFiles/cmTryCompileExec2000738756.dir/CheckFunctionExists.c.o  -o cmTryCompileExec2000738756 -rdynamic -lpthreads 
/usr/bin/ld: cannot find -lpthreads
collect2: error: ld returned 1 exit status
make[1]: *** [cmTryCompileExec2000738756] Error 1
make[1]: Leaving directory `/home/shan-cao/Desktop/GitHub/Kinect/CMakeFiles/CMakeTmp'
make: *** [cmTryCompileExec2000738756/fast] Error 2


Determining if the pthread_create exist failed with the following output:
Change Dir: /home/shan-cao/Desktop/GitHub/Kinect/CMakeFiles/CMakeTmp

Run Build Command:/usr/bin/make "cmTryCompileExec284721169/fast"
/usr/bin/make -f CMakeFiles/cmTryCompileExec284721169.dir/build.make CMakeFiles/cmTryCompileExec284721169.dir/build
make[1]: Entering directory `/home/shan-cao/Desktop/GitHub/Kinect/CMakeFiles/CMakeTmp'
/usr/bin/cmake -E cmake_progress_report /home/shan-cao/Desktop/GitHub/Kinect/CMakeFiles/CMakeTmp/CMakeFiles 1
Building C object CMakeFiles/cmTryCompileExec284721169.dir/CheckSymbolExists.c.o
/usr/bin/cc    -o CMakeFiles/cmTryCompileExec284721169.dir/CheckSymbolExists.c.o   -c /home/shan-cao/Desktop/GitHub/Kinect/CMakeFiles/CMakeTmp/CheckSymbolExists.c
Linking C executable cmTryCompileExec284721169
/usr/bin/cmake -E cmake_link_script CMakeFiles/cmTryCompileExec284721169.dir/link.txt --verbose=1
/usr/bin/cc       CMakeFiles/cmTryCompileExec284721169.dir/CheckSymbolExists.c.o  -o cmTryCompileExec284721169 -rdynamic 
CMakeFiles/cmTryCompileExec284721169.dir/CheckSymbolExists.c.o: In function `main':
CheckSymbolExists.c:(.text+0x16): undefined reference to `pthread_create'
collect2: error: ld returned 1 exit status
make[1]: *** [cmTryCompileExec284721169] Error 1
make[1]: Leaving directory `/home/shan-cao/Desktop/GitHub/Kinect/CMakeFiles/CMakeTmp'
make: *** [cmTryCompileExec284721169/fast] Error 2

File /home/shan-cao/Desktop/GitHub/Kinect/CMakeFiles/CMakeTmp/CheckSymbolExists.c:
/* */
#include <pthread.h>

int main(int argc, char** argv)
{
  (void)argv;
#ifndef pthread_create
  return ((int*)(&pthread_create))[argc];
#else
  (void)argc;
  return 0;
#endif
}

Determining if the function pthread_create exists in the pthreads failed with the following output:
Change Dir: /home/shan-cao/Desktop/GitHub/Kinect/CMakeFiles/CMakeTmp

Run Build Command:/usr/bin/make "cmTryCompileExec3680474748/fast"
/usr/bin/make -f CMakeFiles/cmTryCompileExec3680474748.dir/build.make CMakeFiles/cmTryCompileExec3680474748.dir/build
make[1]: Entering directory `/home/shan-cao/Desktop/GitHub/Kinect/CMakeFiles/CMakeTmp'
/usr/bin/cmake -E cmake_progress_report /home/shan-cao/Desktop/GitHub/Kinect/CMakeFiles/CMakeTmp/CMakeFiles 1
Building C object CMakeFiles/cmTryCompileExec3680474748.dir/CheckFunctionExists.c.o
/usr/bin/cc   -DCHECK_FUNCTION_EXISTS=pthread_create   -o CMakeFiles/cmTryCompileExec3680474748.dir/CheckFunctionExists.c.o   -c /usr/share/cmake-2.8/Modules/CheckFunctionExists.c
Linking C executable cmTryCompileExec3680474748
/usr/bin/cmake -E cmake_link_script CMakeFiles/cmTryCompileExec3680474748.dir/link.txt --verbose=1
/usr/bin/cc   -DCHECK_FUNCTION_EXISTS=pthread_create    CMakeFiles/cmTryCompileExec3680474748.dir/CheckFunctionExists.c.o  -o cmTryCompileExec3680474748 -rdynamic -lpthreads 
/usr/bin/ld: cannot find -lpthreads
collect2: error: ld returned 1 exit status
make[1]: *** [cmTryCompileExec3680474748] Error 1
make[1]: Leaving directory `/home/shan-cao/Desktop/GitHub/Kinect/CMakeFiles/CMakeTmp'
make: *** [cmTryCompileExec3680474748/fast] Error 2


