The system is: Linux - 3.13.0-46-generic - x86_64
Compiling the C compiler identification source file "CMakeCCompilerId.c" succeeded.
Compiler: /usr/bin/cc 
Build flags: 
Id flags: 

The output was:
0


Compilation of the C compiler identification source "CMakeCCompilerId.c" produced "a.out"

The C compiler identification is GNU, found in "/home/scao/Desktop/kinview/CMakeFiles/2.8.12.2/CompilerIdC/a.out"

Compiling the CXX compiler identification source file "CMakeCXXCompilerId.cpp" succeeded.
Compiler: /usr/bin/c++ 
Build flags: 
Id flags: 

The output was:
0


Compilation of the CXX compiler identification source "CMakeCXXCompilerId.cpp" produced "a.out"

The CXX compiler identification is GNU, found in "/home/scao/Desktop/kinview/CMakeFiles/2.8.12.2/CompilerIdCXX/a.out"

Determining if the C compiler works passed with the following output:
Change Dir: /home/scao/Desktop/kinview/CMakeFiles/CMakeTmp

Run Build Command:/usr/bin/make "cmTryCompileExec854867334/fast"
/usr/bin/make -f CMakeFiles/cmTryCompileExec854867334.dir/build.make CMakeFiles/cmTryCompileExec854867334.dir/build
make[1]: Entering directory `/home/scao/Desktop/kinview/CMakeFiles/CMakeTmp'
/usr/bin/cmake -E cmake_progress_report /home/scao/Desktop/kinview/CMakeFiles/CMakeTmp/CMakeFiles 1
Building C object CMakeFiles/cmTryCompileExec854867334.dir/testCCompiler.c.o
/usr/bin/cc    -o CMakeFiles/cmTryCompileExec854867334.dir/testCCompiler.c.o   -c /home/scao/Desktop/kinview/CMakeFiles/CMakeTmp/testCCompiler.c
Linking C executable cmTryCompileExec854867334
/usr/bin/cmake -E cmake_link_script CMakeFiles/cmTryCompileExec854867334.dir/link.txt --verbose=1
/usr/bin/cc       CMakeFiles/cmTryCompileExec854867334.dir/testCCompiler.c.o  -o cmTryCompileExec854867334 -rdynamic 
make[1]: Leaving directory `/home/scao/Desktop/kinview/CMakeFiles/CMakeTmp'


Detecting C compiler ABI info compiled with the following output:
Change Dir: /home/scao/Desktop/kinview/CMakeFiles/CMakeTmp

Run Build Command:/usr/bin/make "cmTryCompileExec2156420723/fast"
/usr/bin/make -f CMakeFiles/cmTryCompileExec2156420723.dir/build.make CMakeFiles/cmTryCompileExec2156420723.dir/build
make[1]: Entering directory `/home/scao/Desktop/kinview/CMakeFiles/CMakeTmp'
/usr/bin/cmake -E cmake_progress_report /home/scao/Desktop/kinview/CMakeFiles/CMakeTmp/CMakeFiles 1
Building C object CMakeFiles/cmTryCompileExec2156420723.dir/CMakeCCompilerABI.c.o
/usr/bin/cc    -o CMakeFiles/cmTryCompileExec2156420723.dir/CMakeCCompilerABI.c.o   -c /usr/share/cmake-2.8/Modules/CMakeCCompilerABI.c
Linking C executable cmTryCompileExec2156420723
/usr/bin/cmake -E cmake_link_script CMakeFiles/cmTryCompileExec2156420723.dir/link.txt --verbose=1
/usr/bin/cc     -v CMakeFiles/cmTryCompileExec2156420723.dir/CMakeCCompilerABI.c.o  -o cmTryCompileExec2156420723 -rdynamic  
Using built-in specs.
COLLECT_GCC=/usr/bin/cc
COLLECT_LTO_WRAPPER=/usr/lib/gcc/x86_64-linux-gnu/4.8/lto-wrapper
Target: x86_64-linux-gnu
Configured with: ../src/configure -v --with-pkgversion='Ubuntu 4.8.2-19ubuntu1' --with-bugurl=file:///usr/share/doc/gcc-4.8/README.Bugs --enable-languages=c,c++,java,go,d,fortran,objc,obj-c++ --prefix=/usr --program-suffix=-4.8 --enable-shared --enable-linker-build-id --libexecdir=/usr/lib --without-included-gettext --enable-threads=posix --with-gxx-include-dir=/usr/include/c++/4.8 --libdir=/usr/lib --enable-nls --with-sysroot=/ --enable-clocale=gnu --enable-libstdcxx-debug --enable-libstdcxx-time=yes --enable-gnu-unique-object --disable-libmudflap --enable-plugin --with-system-zlib --disable-browser-plugin --enable-java-awt=gtk --enable-gtk-cairo --with-java-home=/usr/lib/jvm/java-1.5.0-gcj-4.8-amd64/jre --enable-java-home --with-jvm-root-dir=/usr/lib/jvm/java-1.5.0-gcj-4.8-amd64 --with-jvm-jar-dir=/usr/lib/jvm-exports/java-1.5.0-gcj-4.8-amd64 --with-arch-directory=amd64 --with-ecj-jar=/usr/share/java/eclipse-ecj.jar --enable-objc-gc --enable-multiarch --disable-werror --with-arch-32=i686 --with-abi=m64 --with-multilib-list=m32,m64,mx32 --with-tune=generic --enable-checking=release --build=x86_64-linux-gnu --host=x86_64-linux-gnu --target=x86_64-linux-gnu
Thread model: posix
gcc version 4.8.2 (Ubuntu 4.8.2-19ubuntu1) 
COMPILER_PATH=/usr/lib/gcc/x86_64-linux-gnu/4.8/:/usr/lib/gcc/x86_64-linux-gnu/4.8/:/usr/lib/gcc/x86_64-linux-gnu/:/usr/lib/gcc/x86_64-linux-gnu/4.8/:/usr/lib/gcc/x86_64-linux-gnu/
LIBRARY_PATH=/usr/lib/gcc/x86_64-linux-gnu/4.8/:/usr/lib/gcc/x86_64-linux-gnu/4.8/../../../x86_64-linux-gnu/:/usr/lib/gcc/x86_64-linux-gnu/4.8/../../../../lib/:/lib/x86_64-linux-gnu/:/lib/../lib/:/usr/lib/x86_64-linux-gnu/:/usr/lib/../lib/:/usr/lib/gcc/x86_64-linux-gnu/4.8/../../../:/lib/:/usr/lib/
COLLECT_GCC_OPTIONS='-v' '-o' 'cmTryCompileExec2156420723' '-rdynamic' '-mtune=generic' '-march=x86-64'
 /usr/lib/gcc/x86_64-linux-gnu/4.8/collect2 --sysroot=/ --build-id --eh-frame-hdr -m elf_x86_64 --hash-style=gnu --as-needed -export-dynamic -dynamic-linker /lib64/ld-linux-x86-64.so.2 -z relro -o cmTryCompileExec2156420723 /usr/lib/gcc/x86_64-linux-gnu/4.8/../../../x86_64-linux-gnu/crt1.o /usr/lib/gcc/x86_64-linux-gnu/4.8/../../../x86_64-linux-gnu/crti.o /usr/lib/gcc/x86_64-linux-gnu/4.8/crtbegin.o -L/usr/lib/gcc/x86_64-linux-gnu/4.8 -L/usr/lib/gcc/x86_64-linux-gnu/4.8/../../../x86_64-linux-gnu -L/usr/lib/gcc/x86_64-linux-gnu/4.8/../../../../lib -L/lib/x86_64-linux-gnu -L/lib/../lib -L/usr/lib/x86_64-linux-gnu -L/usr/lib/../lib -L/usr/lib/gcc/x86_64-linux-gnu/4.8/../../.. CMakeFiles/cmTryCompileExec2156420723.dir/CMakeCCompilerABI.c.o -lgcc --as-needed -lgcc_s --no-as-needed -lc -lgcc --as-needed -lgcc_s --no-as-needed /usr/lib/gcc/x86_64-linux-gnu/4.8/crtend.o /usr/lib/gcc/x86_64-linux-gnu/4.8/../../../x86_64-linux-gnu/crtn.o
make[1]: Leaving directory `/home/scao/Desktop/kinview/CMakeFiles/CMakeTmp'


Parsed C implicit link information from above output:
  link line regex: [^( *|.*[/\])(ld|([^/\]+-)?ld|collect2)[^/\]*( |$)]
  ignore line: [Change Dir: /home/scao/Desktop/kinview/CMakeFiles/CMakeTmp]
  ignore line: []
  ignore line: [Run Build Command:/usr/bin/make "cmTryCompileExec2156420723/fast"]
  ignore line: [/usr/bin/make -f CMakeFiles/cmTryCompileExec2156420723.dir/build.make CMakeFiles/cmTryCompileExec2156420723.dir/build]
  ignore line: [make[1]: Entering directory `/home/scao/Desktop/kinview/CMakeFiles/CMakeTmp']
  ignore line: [/usr/bin/cmake -E cmake_progress_report /home/scao/Desktop/kinview/CMakeFiles/CMakeTmp/CMakeFiles 1]
  ignore line: [Building C object CMakeFiles/cmTryCompileExec2156420723.dir/CMakeCCompilerABI.c.o]
  ignore line: [/usr/bin/cc    -o CMakeFiles/cmTryCompileExec2156420723.dir/CMakeCCompilerABI.c.o   -c /usr/share/cmake-2.8/Modules/CMakeCCompilerABI.c]
  ignore line: [Linking C executable cmTryCompileExec2156420723]
  ignore line: [/usr/bin/cmake -E cmake_link_script CMakeFiles/cmTryCompileExec2156420723.dir/link.txt --verbose=1]
  ignore line: [/usr/bin/cc     -v CMakeFiles/cmTryCompileExec2156420723.dir/CMakeCCompilerABI.c.o  -o cmTryCompileExec2156420723 -rdynamic  ]
  ignore line: [Using built-in specs.]
  ignore line: [COLLECT_GCC=/usr/bin/cc]
  ignore line: [COLLECT_LTO_WRAPPER=/usr/lib/gcc/x86_64-linux-gnu/4.8/lto-wrapper]
  ignore line: [Target: x86_64-linux-gnu]
  ignore line: [Configured with: ../src/configure -v --with-pkgversion='Ubuntu 4.8.2-19ubuntu1' --with-bugurl=file:///usr/share/doc/gcc-4.8/README.Bugs --enable-languages=c,c++,java,go,d,fortran,objc,obj-c++ --prefix=/usr --program-suffix=-4.8 --enable-shared --enable-linker-build-id --libexecdir=/usr/lib --without-included-gettext --enable-threads=posix --with-gxx-include-dir=/usr/include/c++/4.8 --libdir=/usr/lib --enable-nls --with-sysroot=/ --enable-clocale=gnu --enable-libstdcxx-debug --enable-libstdcxx-time=yes --enable-gnu-unique-object --disable-libmudflap --enable-plugin --with-system-zlib --disable-browser-plugin --enable-java-awt=gtk --enable-gtk-cairo --with-java-home=/usr/lib/jvm/java-1.5.0-gcj-4.8-amd64/jre --enable-java-home --with-jvm-root-dir=/usr/lib/jvm/java-1.5.0-gcj-4.8-amd64 --with-jvm-jar-dir=/usr/lib/jvm-exports/java-1.5.0-gcj-4.8-amd64 --with-arch-directory=amd64 --with-ecj-jar=/usr/share/java/eclipse-ecj.jar --enable-objc-gc --enable-multiarch --disable-werror --with-arch-32=i686 --with-abi=m64 --with-multilib-list=m32,m64,mx32 --with-tune=generic --enable-checking=release --build=x86_64-linux-gnu --host=x86_64-linux-gnu --target=x86_64-linux-gnu]
  ignore line: [Thread model: posix]
  ignore line: [gcc version 4.8.2 (Ubuntu 4.8.2-19ubuntu1) ]
  ignore line: [COMPILER_PATH=/usr/lib/gcc/x86_64-linux-gnu/4.8/:/usr/lib/gcc/x86_64-linux-gnu/4.8/:/usr/lib/gcc/x86_64-linux-gnu/:/usr/lib/gcc/x86_64-linux-gnu/4.8/:/usr/lib/gcc/x86_64-linux-gnu/]
  ignore line: [LIBRARY_PATH=/usr/lib/gcc/x86_64-linux-gnu/4.8/:/usr/lib/gcc/x86_64-linux-gnu/4.8/../../../x86_64-linux-gnu/:/usr/lib/gcc/x86_64-linux-gnu/4.8/../../../../lib/:/lib/x86_64-linux-gnu/:/lib/../lib/:/usr/lib/x86_64-linux-gnu/:/usr/lib/../lib/:/usr/lib/gcc/x86_64-linux-gnu/4.8/../../../:/lib/:/usr/lib/]
  ignore line: [COLLECT_GCC_OPTIONS='-v' '-o' 'cmTryCompileExec2156420723' '-rdynamic' '-mtune=generic' '-march=x86-64']
  link line: [ /usr/lib/gcc/x86_64-linux-gnu/4.8/collect2 --sysroot=/ --build-id --eh-frame-hdr -m elf_x86_64 --hash-style=gnu --as-needed -export-dynamic -dynamic-linker /lib64/ld-linux-x86-64.so.2 -z relro -o cmTryCompileExec2156420723 /usr/lib/gcc/x86_64-linux-gnu/4.8/../../../x86_64-linux-gnu/crt1.o /usr/lib/gcc/x86_64-linux-gnu/4.8/../../../x86_64-linux-gnu/crti.o /usr/lib/gcc/x86_64-linux-gnu/4.8/crtbegin.o -L/usr/lib/gcc/x86_64-linux-gnu/4.8 -L/usr/lib/gcc/x86_64-linux-gnu/4.8/../../../x86_64-linux-gnu -L/usr/lib/gcc/x86_64-linux-gnu/4.8/../../../../lib -L/lib/x86_64-linux-gnu -L/lib/../lib -L/usr/lib/x86_64-linux-gnu -L/usr/lib/../lib -L/usr/lib/gcc/x86_64-linux-gnu/4.8/../../.. CMakeFiles/cmTryCompileExec2156420723.dir/CMakeCCompilerABI.c.o -lgcc --as-needed -lgcc_s --no-as-needed -lc -lgcc --as-needed -lgcc_s --no-as-needed /usr/lib/gcc/x86_64-linux-gnu/4.8/crtend.o /usr/lib/gcc/x86_64-linux-gnu/4.8/../../../x86_64-linux-gnu/crtn.o]
    arg [/usr/lib/gcc/x86_64-linux-gnu/4.8/collect2] ==> ignore
    arg [--sysroot=/] ==> ignore
    arg [--build-id] ==> ignore
    arg [--eh-frame-hdr] ==> ignore
    arg [-m] ==> ignore
    arg [elf_x86_64] ==> ignore
    arg [--hash-style=gnu] ==> ignore
    arg [--as-needed] ==> ignore
    arg [-export-dynamic] ==> ignore
    arg [-dynamic-linker] ==> ignore
    arg [/lib64/ld-linux-x86-64.so.2] ==> ignore
    arg [-zrelro] ==> ignore
    arg [-o] ==> ignore
    arg [cmTryCompileExec2156420723] ==> ignore
    arg [/usr/lib/gcc/x86_64-linux-gnu/4.8/../../../x86_64-linux-gnu/crt1.o] ==> ignore
    arg [/usr/lib/gcc/x86_64-linux-gnu/4.8/../../../x86_64-linux-gnu/crti.o] ==> ignore
    arg [/usr/lib/gcc/x86_64-linux-gnu/4.8/crtbegin.o] ==> ignore
    arg [-L/usr/lib/gcc/x86_64-linux-gnu/4.8] ==> dir [/usr/lib/gcc/x86_64-linux-gnu/4.8]
    arg [-L/usr/lib/gcc/x86_64-linux-gnu/4.8/../../../x86_64-linux-gnu] ==> dir [/usr/lib/gcc/x86_64-linux-gnu/4.8/../../../x86_64-linux-gnu]
    arg [-L/usr/lib/gcc/x86_64-linux-gnu/4.8/../../../../lib] ==> dir [/usr/lib/gcc/x86_64-linux-gnu/4.8/../../../../lib]
    arg [-L/lib/x86_64-linux-gnu] ==> dir [/lib/x86_64-linux-gnu]
    arg [-L/lib/../lib] ==> dir [/lib/../lib]
    arg [-L/usr/lib/x86_64-linux-gnu] ==> dir [/usr/lib/x86_64-linux-gnu]
    arg [-L/usr/lib/../lib] ==> dir [/usr/lib/../lib]
    arg [-L/usr/lib/gcc/x86_64-linux-gnu/4.8/../../..] ==> dir [/usr/lib/gcc/x86_64-linux-gnu/4.8/../../..]
    arg [CMakeFiles/cmTryCompileExec2156420723.dir/CMakeCCompilerABI.c.o] ==> ignore
    arg [-lgcc] ==> lib [gcc]
    arg [--as-needed] ==> ignore
    arg [-lgcc_s] ==> lib [gcc_s]
    arg [--no-as-needed] ==> ignore
    arg [-lc] ==> lib [c]
    arg [-lgcc] ==> lib [gcc]
    arg [--as-needed] ==> ignore
    arg [-lgcc_s] ==> lib [gcc_s]
    arg [--no-as-needed] ==> ignore
    arg [/usr/lib/gcc/x86_64-linux-gnu/4.8/crtend.o] ==> ignore
    arg [/usr/lib/gcc/x86_64-linux-gnu/4.8/../../../x86_64-linux-gnu/crtn.o] ==> ignore
  remove lib [gcc]
  remove lib [gcc_s]
  remove lib [gcc]
  remove lib [gcc_s]
  collapse library dir [/usr/lib/gcc/x86_64-linux-gnu/4.8] ==> [/usr/lib/gcc/x86_64-linux-gnu/4.8]
  collapse library dir [/usr/lib/gcc/x86_64-linux-gnu/4.8/../../../x86_64-linux-gnu] ==> [/usr/lib/x86_64-linux-gnu]
  collapse library dir [/usr/lib/gcc/x86_64-linux-gnu/4.8/../../../../lib] ==> [/usr/lib]
  collapse library dir [/lib/x86_64-linux-gnu] ==> [/lib/x86_64-linux-gnu]
  collapse library dir [/lib/../lib] ==> [/lib]
  collapse library dir [/usr/lib/x86_64-linux-gnu] ==> [/usr/lib/x86_64-linux-gnu]
  collapse library dir [/usr/lib/../lib] ==> [/usr/lib]
  collapse library dir [/usr/lib/gcc/x86_64-linux-gnu/4.8/../../..] ==> [/usr/lib]
  implicit libs: [c]
  implicit dirs: [/usr/lib/gcc/x86_64-linux-gnu/4.8;/usr/lib/x86_64-linux-gnu;/usr/lib;/lib/x86_64-linux-gnu;/lib]
  implicit fwks: []


Determining if the CXX compiler works passed with the following output:
Change Dir: /home/scao/Desktop/kinview/CMakeFiles/CMakeTmp

Run Build Command:/usr/bin/make "cmTryCompileExec2640819535/fast"
/usr/bin/make -f CMakeFiles/cmTryCompileExec2640819535.dir/build.make CMakeFiles/cmTryCompileExec2640819535.dir/build
make[1]: Entering directory `/home/scao/Desktop/kinview/CMakeFiles/CMakeTmp'
/usr/bin/cmake -E cmake_progress_report /home/scao/Desktop/kinview/CMakeFiles/CMakeTmp/CMakeFiles 1
Building CXX object CMakeFiles/cmTryCompileExec2640819535.dir/testCXXCompiler.cxx.o
/usr/bin/c++     -o CMakeFiles/cmTryCompileExec2640819535.dir/testCXXCompiler.cxx.o -c /home/scao/Desktop/kinview/CMakeFiles/CMakeTmp/testCXXCompiler.cxx
Linking CXX executable cmTryCompileExec2640819535
/usr/bin/cmake -E cmake_link_script CMakeFiles/cmTryCompileExec2640819535.dir/link.txt --verbose=1
/usr/bin/c++        CMakeFiles/cmTryCompileExec2640819535.dir/testCXXCompiler.cxx.o  -o cmTryCompileExec2640819535 -rdynamic 
make[1]: Leaving directory `/home/scao/Desktop/kinview/CMakeFiles/CMakeTmp'


Detecting CXX compiler ABI info compiled with the following output:
Change Dir: /home/scao/Desktop/kinview/CMakeFiles/CMakeTmp

Run Build Command:/usr/bin/make "cmTryCompileExec1212778421/fast"
/usr/bin/make -f CMakeFiles/cmTryCompileExec1212778421.dir/build.make CMakeFiles/cmTryCompileExec1212778421.dir/build
make[1]: Entering directory `/home/scao/Desktop/kinview/CMakeFiles/CMakeTmp'
/usr/bin/cmake -E cmake_progress_report /home/scao/Desktop/kinview/CMakeFiles/CMakeTmp/CMakeFiles 1
Building CXX object CMakeFiles/cmTryCompileExec1212778421.dir/CMakeCXXCompilerABI.cpp.o
/usr/bin/c++     -o CMakeFiles/cmTryCompileExec1212778421.dir/CMakeCXXCompilerABI.cpp.o -c /usr/share/cmake-2.8/Modules/CMakeCXXCompilerABI.cpp
Linking CXX executable cmTryCompileExec1212778421
/usr/bin/cmake -E cmake_link_script CMakeFiles/cmTryCompileExec1212778421.dir/link.txt --verbose=1
/usr/bin/c++      -v CMakeFiles/cmTryCompileExec1212778421.dir/CMakeCXXCompilerABI.cpp.o  -o cmTryCompileExec1212778421 -rdynamic  
Using built-in specs.
COLLECT_GCC=/usr/bin/c++
COLLECT_LTO_WRAPPER=/usr/lib/gcc/x86_64-linux-gnu/4.8/lto-wrapper
Target: x86_64-linux-gnu
Configured with: ../src/configure -v --with-pkgversion='Ubuntu 4.8.2-19ubuntu1' --with-bugurl=file:///usr/share/doc/gcc-4.8/README.Bugs --enable-languages=c,c++,java,go,d,fortran,objc,obj-c++ --prefix=/usr --program-suffix=-4.8 --enable-shared --enable-linker-build-id --libexecdir=/usr/lib --without-included-gettext --enable-threads=posix --with-gxx-include-dir=/usr/include/c++/4.8 --libdir=/usr/lib --enable-nls --with-sysroot=/ --enable-clocale=gnu --enable-libstdcxx-debug --enable-libstdcxx-time=yes --enable-gnu-unique-object --disable-libmudflap --enable-plugin --with-system-zlib --disable-browser-plugin --enable-java-awt=gtk --enable-gtk-cairo --with-java-home=/usr/lib/jvm/java-1.5.0-gcj-4.8-amd64/jre --enable-java-home --with-jvm-root-dir=/usr/lib/jvm/java-1.5.0-gcj-4.8-amd64 --with-jvm-jar-dir=/usr/lib/jvm-exports/java-1.5.0-gcj-4.8-amd64 --with-arch-directory=amd64 --with-ecj-jar=/usr/share/java/eclipse-ecj.jar --enable-objc-gc --enable-multiarch --disable-werror --with-arch-32=i686 --with-abi=m64 --with-multilib-list=m32,m64,mx32 --with-tune=generic --enable-checking=release --build=x86_64-linux-gnu --host=x86_64-linux-gnu --target=x86_64-linux-gnu
Thread model: posix
gcc version 4.8.2 (Ubuntu 4.8.2-19ubuntu1) 
COMPILER_PATH=/usr/lib/gcc/x86_64-linux-gnu/4.8/:/usr/lib/gcc/x86_64-linux-gnu/4.8/:/usr/lib/gcc/x86_64-linux-gnu/:/usr/lib/gcc/x86_64-linux-gnu/4.8/:/usr/lib/gcc/x86_64-linux-gnu/
LIBRARY_PATH=/usr/lib/gcc/x86_64-linux-gnu/4.8/:/usr/lib/gcc/x86_64-linux-gnu/4.8/../../../x86_64-linux-gnu/:/usr/lib/gcc/x86_64-linux-gnu/4.8/../../../../lib/:/lib/x86_64-linux-gnu/:/lib/../lib/:/usr/lib/x86_64-linux-gnu/:/usr/lib/../lib/:/usr/lib/gcc/x86_64-linux-gnu/4.8/../../../:/lib/:/usr/lib/
COLLECT_GCC_OPTIONS='-v' '-o' 'cmTryCompileExec1212778421' '-rdynamic' '-shared-libgcc' '-mtune=generic' '-march=x86-64'
 /usr/lib/gcc/x86_64-linux-gnu/4.8/collect2 --sysroot=/ --build-id --eh-frame-hdr -m elf_x86_64 --hash-style=gnu --as-needed -export-dynamic -dynamic-linker /lib64/ld-linux-x86-64.so.2 -z relro -o cmTryCompileExec1212778421 /usr/lib/gcc/x86_64-linux-gnu/4.8/../../../x86_64-linux-gnu/crt1.o /usr/lib/gcc/x86_64-linux-gnu/4.8/../../../x86_64-linux-gnu/crti.o /usr/lib/gcc/x86_64-linux-gnu/4.8/crtbegin.o -L/usr/lib/gcc/x86_64-linux-gnu/4.8 -L/usr/lib/gcc/x86_64-linux-gnu/4.8/../../../x86_64-linux-gnu -L/usr/lib/gcc/x86_64-linux-gnu/4.8/../../../../lib -L/lib/x86_64-linux-gnu -L/lib/../lib -L/usr/lib/x86_64-linux-gnu -L/usr/lib/../lib -L/usr/lib/gcc/x86_64-linux-gnu/4.8/../../.. CMakeFiles/cmTryCompileExec1212778421.dir/CMakeCXXCompilerABI.cpp.o -lstdc++ -lm -lgcc_s -lgcc -lc -lgcc_s -lgcc /usr/lib/gcc/x86_64-linux-gnu/4.8/crtend.o /usr/lib/gcc/x86_64-linux-gnu/4.8/../../../x86_64-linux-gnu/crtn.o
make[1]: Leaving directory `/home/scao/Desktop/kinview/CMakeFiles/CMakeTmp'


Parsed CXX implicit link information from above output:
  link line regex: [^( *|.*[/\])(ld|([^/\]+-)?ld|collect2)[^/\]*( |$)]
  ignore line: [Change Dir: /home/scao/Desktop/kinview/CMakeFiles/CMakeTmp]
  ignore line: []
  ignore line: [Run Build Command:/usr/bin/make "cmTryCompileExec1212778421/fast"]
  ignore line: [/usr/bin/make -f CMakeFiles/cmTryCompileExec1212778421.dir/build.make CMakeFiles/cmTryCompileExec1212778421.dir/build]
  ignore line: [make[1]: Entering directory `/home/scao/Desktop/kinview/CMakeFiles/CMakeTmp']
  ignore line: [/usr/bin/cmake -E cmake_progress_report /home/scao/Desktop/kinview/CMakeFiles/CMakeTmp/CMakeFiles 1]
  ignore line: [Building CXX object CMakeFiles/cmTryCompileExec1212778421.dir/CMakeCXXCompilerABI.cpp.o]
  ignore line: [/usr/bin/c++     -o CMakeFiles/cmTryCompileExec1212778421.dir/CMakeCXXCompilerABI.cpp.o -c /usr/share/cmake-2.8/Modules/CMakeCXXCompilerABI.cpp]
  ignore line: [Linking CXX executable cmTryCompileExec1212778421]
  ignore line: [/usr/bin/cmake -E cmake_link_script CMakeFiles/cmTryCompileExec1212778421.dir/link.txt --verbose=1]
  ignore line: [/usr/bin/c++      -v CMakeFiles/cmTryCompileExec1212778421.dir/CMakeCXXCompilerABI.cpp.o  -o cmTryCompileExec1212778421 -rdynamic  ]
  ignore line: [Using built-in specs.]
  ignore line: [COLLECT_GCC=/usr/bin/c++]
  ignore line: [COLLECT_LTO_WRAPPER=/usr/lib/gcc/x86_64-linux-gnu/4.8/lto-wrapper]
  ignore line: [Target: x86_64-linux-gnu]
  ignore line: [Configured with: ../src/configure -v --with-pkgversion='Ubuntu 4.8.2-19ubuntu1' --with-bugurl=file:///usr/share/doc/gcc-4.8/README.Bugs --enable-languages=c,c++,java,go,d,fortran,objc,obj-c++ --prefix=/usr --program-suffix=-4.8 --enable-shared --enable-linker-build-id --libexecdir=/usr/lib --without-included-gettext --enable-threads=posix --with-gxx-include-dir=/usr/include/c++/4.8 --libdir=/usr/lib --enable-nls --with-sysroot=/ --enable-clocale=gnu --enable-libstdcxx-debug --enable-libstdcxx-time=yes --enable-gnu-unique-object --disable-libmudflap --enable-plugin --with-system-zlib --disable-browser-plugin --enable-java-awt=gtk --enable-gtk-cairo --with-java-home=/usr/lib/jvm/java-1.5.0-gcj-4.8-amd64/jre --enable-java-home --with-jvm-root-dir=/usr/lib/jvm/java-1.5.0-gcj-4.8-amd64 --with-jvm-jar-dir=/usr/lib/jvm-exports/java-1.5.0-gcj-4.8-amd64 --with-arch-directory=amd64 --with-ecj-jar=/usr/share/java/eclipse-ecj.jar --enable-objc-gc --enable-multiarch --disable-werror --with-arch-32=i686 --with-abi=m64 --with-multilib-list=m32,m64,mx32 --with-tune=generic --enable-checking=release --build=x86_64-linux-gnu --host=x86_64-linux-gnu --target=x86_64-linux-gnu]
  ignore line: [Thread model: posix]
  ignore line: [gcc version 4.8.2 (Ubuntu 4.8.2-19ubuntu1) ]
  ignore line: [COMPILER_PATH=/usr/lib/gcc/x86_64-linux-gnu/4.8/:/usr/lib/gcc/x86_64-linux-gnu/4.8/:/usr/lib/gcc/x86_64-linux-gnu/:/usr/lib/gcc/x86_64-linux-gnu/4.8/:/usr/lib/gcc/x86_64-linux-gnu/]
  ignore line: [LIBRARY_PATH=/usr/lib/gcc/x86_64-linux-gnu/4.8/:/usr/lib/gcc/x86_64-linux-gnu/4.8/../../../x86_64-linux-gnu/:/usr/lib/gcc/x86_64-linux-gnu/4.8/../../../../lib/:/lib/x86_64-linux-gnu/:/lib/../lib/:/usr/lib/x86_64-linux-gnu/:/usr/lib/../lib/:/usr/lib/gcc/x86_64-linux-gnu/4.8/../../../:/lib/:/usr/lib/]
  ignore line: [COLLECT_GCC_OPTIONS='-v' '-o' 'cmTryCompileExec1212778421' '-rdynamic' '-shared-libgcc' '-mtune=generic' '-march=x86-64']
  link line: [ /usr/lib/gcc/x86_64-linux-gnu/4.8/collect2 --sysroot=/ --build-id --eh-frame-hdr -m elf_x86_64 --hash-style=gnu --as-needed -export-dynamic -dynamic-linker /lib64/ld-linux-x86-64.so.2 -z relro -o cmTryCompileExec1212778421 /usr/lib/gcc/x86_64-linux-gnu/4.8/../../../x86_64-linux-gnu/crt1.o /usr/lib/gcc/x86_64-linux-gnu/4.8/../../../x86_64-linux-gnu/crti.o /usr/lib/gcc/x86_64-linux-gnu/4.8/crtbegin.o -L/usr/lib/gcc/x86_64-linux-gnu/4.8 -L/usr/lib/gcc/x86_64-linux-gnu/4.8/../../../x86_64-linux-gnu -L/usr/lib/gcc/x86_64-linux-gnu/4.8/../../../../lib -L/lib/x86_64-linux-gnu -L/lib/../lib -L/usr/lib/x86_64-linux-gnu -L/usr/lib/../lib -L/usr/lib/gcc/x86_64-linux-gnu/4.8/../../.. CMakeFiles/cmTryCompileExec1212778421.dir/CMakeCXXCompilerABI.cpp.o -lstdc++ -lm -lgcc_s -lgcc -lc -lgcc_s -lgcc /usr/lib/gcc/x86_64-linux-gnu/4.8/crtend.o /usr/lib/gcc/x86_64-linux-gnu/4.8/../../../x86_64-linux-gnu/crtn.o]
    arg [/usr/lib/gcc/x86_64-linux-gnu/4.8/collect2] ==> ignore
    arg [--sysroot=/] ==> ignore
    arg [--build-id] ==> ignore
    arg [--eh-frame-hdr] ==> ignore
    arg [-m] ==> ignore
    arg [elf_x86_64] ==> ignore
    arg [--hash-style=gnu] ==> ignore
    arg [--as-needed] ==> ignore
    arg [-export-dynamic] ==> ignore
    arg [-dynamic-linker] ==> ignore
    arg [/lib64/ld-linux-x86-64.so.2] ==> ignore
    arg [-zrelro] ==> ignore
    arg [-o] ==> ignore
    arg [cmTryCompileExec1212778421] ==> ignore
    arg [/usr/lib/gcc/x86_64-linux-gnu/4.8/../../../x86_64-linux-gnu/crt1.o] ==> ignore
    arg [/usr/lib/gcc/x86_64-linux-gnu/4.8/../../../x86_64-linux-gnu/crti.o] ==> ignore
    arg [/usr/lib/gcc/x86_64-linux-gnu/4.8/crtbegin.o] ==> ignore
    arg [-L/usr/lib/gcc/x86_64-linux-gnu/4.8] ==> dir [/usr/lib/gcc/x86_64-linux-gnu/4.8]
    arg [-L/usr/lib/gcc/x86_64-linux-gnu/4.8/../../../x86_64-linux-gnu] ==> dir [/usr/lib/gcc/x86_64-linux-gnu/4.8/../../../x86_64-linux-gnu]
    arg [-L/usr/lib/gcc/x86_64-linux-gnu/4.8/../../../../lib] ==> dir [/usr/lib/gcc/x86_64-linux-gnu/4.8/../../../../lib]
    arg [-L/lib/x86_64-linux-gnu] ==> dir [/lib/x86_64-linux-gnu]
    arg [-L/lib/../lib] ==> dir [/lib/../lib]
    arg [-L/usr/lib/x86_64-linux-gnu] ==> dir [/usr/lib/x86_64-linux-gnu]
    arg [-L/usr/lib/../lib] ==> dir [/usr/lib/../lib]
    arg [-L/usr/lib/gcc/x86_64-linux-gnu/4.8/../../..] ==> dir [/usr/lib/gcc/x86_64-linux-gnu/4.8/../../..]
    arg [CMakeFiles/cmTryCompileExec1212778421.dir/CMakeCXXCompilerABI.cpp.o] ==> ignore
    arg [-lstdc++] ==> lib [stdc++]
    arg [-lm] ==> lib [m]
    arg [-lgcc_s] ==> lib [gcc_s]
    arg [-lgcc] ==> lib [gcc]
    arg [-lc] ==> lib [c]
    arg [-lgcc_s] ==> lib [gcc_s]
    arg [-lgcc] ==> lib [gcc]
    arg [/usr/lib/gcc/x86_64-linux-gnu/4.8/crtend.o] ==> ignore
    arg [/usr/lib/gcc/x86_64-linux-gnu/4.8/../../../x86_64-linux-gnu/crtn.o] ==> ignore
  remove lib [gcc_s]
  remove lib [gcc]
  remove lib [gcc_s]
  remove lib [gcc]
  collapse library dir [/usr/lib/gcc/x86_64-linux-gnu/4.8] ==> [/usr/lib/gcc/x86_64-linux-gnu/4.8]
  collapse library dir [/usr/lib/gcc/x86_64-linux-gnu/4.8/../../../x86_64-linux-gnu] ==> [/usr/lib/x86_64-linux-gnu]
  collapse library dir [/usr/lib/gcc/x86_64-linux-gnu/4.8/../../../../lib] ==> [/usr/lib]
  collapse library dir [/lib/x86_64-linux-gnu] ==> [/lib/x86_64-linux-gnu]
  collapse library dir [/lib/../lib] ==> [/lib]
  collapse library dir [/usr/lib/x86_64-linux-gnu] ==> [/usr/lib/x86_64-linux-gnu]
  collapse library dir [/usr/lib/../lib] ==> [/usr/lib]
  collapse library dir [/usr/lib/gcc/x86_64-linux-gnu/4.8/../../..] ==> [/usr/lib]
  implicit libs: [stdc++;m;c]
  implicit dirs: [/usr/lib/gcc/x86_64-linux-gnu/4.8;/usr/lib/x86_64-linux-gnu;/usr/lib;/lib/x86_64-linux-gnu;/lib]
  implicit fwks: []


Determining if files pthread.h exist passed with the following output:
Change Dir: /home/scao/Desktop/kinview/CMakeFiles/CMakeTmp

Run Build Command:/usr/bin/make "cmTryCompileExec2205919755/fast"
/usr/bin/make -f CMakeFiles/cmTryCompileExec2205919755.dir/build.make CMakeFiles/cmTryCompileExec2205919755.dir/build
make[1]: Entering directory `/home/scao/Desktop/kinview/CMakeFiles/CMakeTmp'
/usr/bin/cmake -E cmake_progress_report /home/scao/Desktop/kinview/CMakeFiles/CMakeTmp/CMakeFiles 1
Building C object CMakeFiles/cmTryCompileExec2205919755.dir/CheckIncludeFiles.c.o
/usr/bin/cc    -o CMakeFiles/cmTryCompileExec2205919755.dir/CheckIncludeFiles.c.o   -c /home/scao/Desktop/kinview/CMakeFiles/CMakeTmp/CheckIncludeFiles.c
Linking C executable cmTryCompileExec2205919755
/usr/bin/cmake -E cmake_link_script CMakeFiles/cmTryCompileExec2205919755.dir/link.txt --verbose=1
/usr/bin/cc       CMakeFiles/cmTryCompileExec2205919755.dir/CheckIncludeFiles.c.o  -o cmTryCompileExec2205919755 -rdynamic 
make[1]: Leaving directory `/home/scao/Desktop/kinview/CMakeFiles/CMakeTmp'


Determining if the function pthread_create exists in the pthread passed with the following output:
Change Dir: /home/scao/Desktop/kinview/CMakeFiles/CMakeTmp

Run Build Command:/usr/bin/make "cmTryCompileExec1135455961/fast"
/usr/bin/make -f CMakeFiles/cmTryCompileExec1135455961.dir/build.make CMakeFiles/cmTryCompileExec1135455961.dir/build
make[1]: Entering directory `/home/scao/Desktop/kinview/CMakeFiles/CMakeTmp'
/usr/bin/cmake -E cmake_progress_report /home/scao/Desktop/kinview/CMakeFiles/CMakeTmp/CMakeFiles 1
Building C object CMakeFiles/cmTryCompileExec1135455961.dir/CheckFunctionExists.c.o
/usr/bin/cc   -DCHECK_FUNCTION_EXISTS=pthread_create   -o CMakeFiles/cmTryCompileExec1135455961.dir/CheckFunctionExists.c.o   -c /usr/share/cmake-2.8/Modules/CheckFunctionExists.c
Linking C executable cmTryCompileExec1135455961
/usr/bin/cmake -E cmake_link_script CMakeFiles/cmTryCompileExec1135455961.dir/link.txt --verbose=1
/usr/bin/cc   -DCHECK_FUNCTION_EXISTS=pthread_create    CMakeFiles/cmTryCompileExec1135455961.dir/CheckFunctionExists.c.o  -o cmTryCompileExec1135455961 -rdynamic -lpthread 
make[1]: Leaving directory `/home/scao/Desktop/kinview/CMakeFiles/CMakeTmp'


Determining if the function XOpenDisplay exists in the /usr/lib/x86_64-linux-gnu/libX11.so;/usr/lib/x86_64-linux-gnu/libXext.so passed with the following output:
Change Dir: /home/scao/Desktop/kinview/CMakeFiles/CMakeTmp

Run Build Command:/usr/bin/make "cmTryCompileExec1600537066/fast"
/usr/bin/make -f CMakeFiles/cmTryCompileExec1600537066.dir/build.make CMakeFiles/cmTryCompileExec1600537066.dir/build
make[1]: Entering directory `/home/scao/Desktop/kinview/CMakeFiles/CMakeTmp'
/usr/bin/cmake -E cmake_progress_report /home/scao/Desktop/kinview/CMakeFiles/CMakeTmp/CMakeFiles 1
Building C object CMakeFiles/cmTryCompileExec1600537066.dir/CheckFunctionExists.c.o
/usr/bin/cc   -DCHECK_FUNCTION_EXISTS=XOpenDisplay   -o CMakeFiles/cmTryCompileExec1600537066.dir/CheckFunctionExists.c.o   -c /usr/share/cmake-2.8/Modules/CheckFunctionExists.c
Linking C executable cmTryCompileExec1600537066
/usr/bin/cmake -E cmake_link_script CMakeFiles/cmTryCompileExec1600537066.dir/link.txt --verbose=1
/usr/bin/cc   -DCHECK_FUNCTION_EXISTS=XOpenDisplay    CMakeFiles/cmTryCompileExec1600537066.dir/CheckFunctionExists.c.o  -o cmTryCompileExec1600537066 -rdynamic -lX11 -lXext 
make[1]: Leaving directory `/home/scao/Desktop/kinview/CMakeFiles/CMakeTmp'


Determining if the function gethostbyname exists passed with the following output:
Change Dir: /home/scao/Desktop/kinview/CMakeFiles/CMakeTmp

Run Build Command:/usr/bin/make "cmTryCompileExec207274797/fast"
/usr/bin/make -f CMakeFiles/cmTryCompileExec207274797.dir/build.make CMakeFiles/cmTryCompileExec207274797.dir/build
make[1]: Entering directory `/home/scao/Desktop/kinview/CMakeFiles/CMakeTmp'
/usr/bin/cmake -E cmake_progress_report /home/scao/Desktop/kinview/CMakeFiles/CMakeTmp/CMakeFiles 1
Building C object CMakeFiles/cmTryCompileExec207274797.dir/CheckFunctionExists.c.o
/usr/bin/cc   -DCHECK_FUNCTION_EXISTS=gethostbyname   -o CMakeFiles/cmTryCompileExec207274797.dir/CheckFunctionExists.c.o   -c /usr/share/cmake-2.8/Modules/CheckFunctionExists.c
Linking C executable cmTryCompileExec207274797
/usr/bin/cmake -E cmake_link_script CMakeFiles/cmTryCompileExec207274797.dir/link.txt --verbose=1
/usr/bin/cc   -DCHECK_FUNCTION_EXISTS=gethostbyname    CMakeFiles/cmTryCompileExec207274797.dir/CheckFunctionExists.c.o  -o cmTryCompileExec207274797 -rdynamic 
make[1]: Leaving directory `/home/scao/Desktop/kinview/CMakeFiles/CMakeTmp'


Determining if the function connect exists passed with the following output:
Change Dir: /home/scao/Desktop/kinview/CMakeFiles/CMakeTmp

Run Build Command:/usr/bin/make "cmTryCompileExec792145376/fast"
/usr/bin/make -f CMakeFiles/cmTryCompileExec792145376.dir/build.make CMakeFiles/cmTryCompileExec792145376.dir/build
make[1]: Entering directory `/home/scao/Desktop/kinview/CMakeFiles/CMakeTmp'
/usr/bin/cmake -E cmake_progress_report /home/scao/Desktop/kinview/CMakeFiles/CMakeTmp/CMakeFiles 1
Building C object CMakeFiles/cmTryCompileExec792145376.dir/CheckFunctionExists.c.o
/usr/bin/cc   -DCHECK_FUNCTION_EXISTS=connect   -o CMakeFiles/cmTryCompileExec792145376.dir/CheckFunctionExists.c.o   -c /usr/share/cmake-2.8/Modules/CheckFunctionExists.c
Linking C executable cmTryCompileExec792145376
/usr/bin/cmake -E cmake_link_script CMakeFiles/cmTryCompileExec792145376.dir/link.txt --verbose=1
/usr/bin/cc   -DCHECK_FUNCTION_EXISTS=connect    CMakeFiles/cmTryCompileExec792145376.dir/CheckFunctionExists.c.o  -o cmTryCompileExec792145376 -rdynamic 
make[1]: Leaving directory `/home/scao/Desktop/kinview/CMakeFiles/CMakeTmp'


Determining if the function remove exists passed with the following output:
Change Dir: /home/scao/Desktop/kinview/CMakeFiles/CMakeTmp

Run Build Command:/usr/bin/make "cmTryCompileExec1792599346/fast"
/usr/bin/make -f CMakeFiles/cmTryCompileExec1792599346.dir/build.make CMakeFiles/cmTryCompileExec1792599346.dir/build
make[1]: Entering directory `/home/scao/Desktop/kinview/CMakeFiles/CMakeTmp'
/usr/bin/cmake -E cmake_progress_report /home/scao/Desktop/kinview/CMakeFiles/CMakeTmp/CMakeFiles 1
Building C object CMakeFiles/cmTryCompileExec1792599346.dir/CheckFunctionExists.c.o
/usr/bin/cc   -DCHECK_FUNCTION_EXISTS=remove   -o CMakeFiles/cmTryCompileExec1792599346.dir/CheckFunctionExists.c.o   -c /usr/share/cmake-2.8/Modules/CheckFunctionExists.c
Linking C executable cmTryCompileExec1792599346
/usr/bin/cmake -E cmake_link_script CMakeFiles/cmTryCompileExec1792599346.dir/link.txt --verbose=1
/usr/bin/cc   -DCHECK_FUNCTION_EXISTS=remove    CMakeFiles/cmTryCompileExec1792599346.dir/CheckFunctionExists.c.o  -o cmTryCompileExec1792599346 -rdynamic 
make[1]: Leaving directory `/home/scao/Desktop/kinview/CMakeFiles/CMakeTmp'


Determining if the function shmat exists passed with the following output:
Change Dir: /home/scao/Desktop/kinview/CMakeFiles/CMakeTmp

Run Build Command:/usr/bin/make "cmTryCompileExec2969603133/fast"
/usr/bin/make -f CMakeFiles/cmTryCompileExec2969603133.dir/build.make CMakeFiles/cmTryCompileExec2969603133.dir/build
make[1]: Entering directory `/home/scao/Desktop/kinview/CMakeFiles/CMakeTmp'
/usr/bin/cmake -E cmake_progress_report /home/scao/Desktop/kinview/CMakeFiles/CMakeTmp/CMakeFiles 1
Building C object CMakeFiles/cmTryCompileExec2969603133.dir/CheckFunctionExists.c.o
/usr/bin/cc   -DCHECK_FUNCTION_EXISTS=shmat   -o CMakeFiles/cmTryCompileExec2969603133.dir/CheckFunctionExists.c.o   -c /usr/share/cmake-2.8/Modules/CheckFunctionExists.c
Linking C executable cmTryCompileExec2969603133
/usr/bin/cmake -E cmake_link_script CMakeFiles/cmTryCompileExec2969603133.dir/link.txt --verbose=1
/usr/bin/cc   -DCHECK_FUNCTION_EXISTS=shmat    CMakeFiles/cmTryCompileExec2969603133.dir/CheckFunctionExists.c.o  -o cmTryCompileExec2969603133 -rdynamic 
make[1]: Leaving directory `/home/scao/Desktop/kinview/CMakeFiles/CMakeTmp'


Determining if the function IceConnectionNumber exists in the ICE passed with the following output:
Change Dir: /home/scao/Desktop/kinview/CMakeFiles/CMakeTmp

Run Build Command:/usr/bin/make "cmTryCompileExec2854819738/fast"
/usr/bin/make -f CMakeFiles/cmTryCompileExec2854819738.dir/build.make CMakeFiles/cmTryCompileExec2854819738.dir/build
make[1]: Entering directory `/home/scao/Desktop/kinview/CMakeFiles/CMakeTmp'
/usr/bin/cmake -E cmake_progress_report /home/scao/Desktop/kinview/CMakeFiles/CMakeTmp/CMakeFiles 1
Building C object CMakeFiles/cmTryCompileExec2854819738.dir/CheckFunctionExists.c.o
/usr/bin/cc   -DCHECK_FUNCTION_EXISTS=IceConnectionNumber   -o CMakeFiles/cmTryCompileExec2854819738.dir/CheckFunctionExists.c.o   -c /usr/share/cmake-2.8/Modules/CheckFunctionExists.c
Linking C executable cmTryCompileExec2854819738
/usr/bin/cmake -E cmake_link_script CMakeFiles/cmTryCompileExec2854819738.dir/link.txt --verbose=1
/usr/bin/cc   -DCHECK_FUNCTION_EXISTS=IceConnectionNumber    CMakeFiles/cmTryCompileExec2854819738.dir/CheckFunctionExists.c.o  -o cmTryCompileExec2854819738 -rdynamic -lICE 
make[1]: Leaving directory `/home/scao/Desktop/kinview/CMakeFiles/CMakeTmp'


Determining if files pthread.h exist passed with the following output:
Change Dir: /home/shan-cao/Desktop/GitHub/Kinect/CMakeFiles/CMakeTmp

Run Build Command:/usr/bin/make "cmTryCompileExec2538572094/fast"
/usr/bin/make -f CMakeFiles/cmTryCompileExec2538572094.dir/build.make CMakeFiles/cmTryCompileExec2538572094.dir/build
make[1]: Entering directory `/home/shan-cao/Desktop/GitHub/Kinect/CMakeFiles/CMakeTmp'
/usr/bin/cmake -E cmake_progress_report /home/shan-cao/Desktop/GitHub/Kinect/CMakeFiles/CMakeTmp/CMakeFiles 1
Building C object CMakeFiles/cmTryCompileExec2538572094.dir/CheckIncludeFiles.c.o
/usr/bin/cc    -o CMakeFiles/cmTryCompileExec2538572094.dir/CheckIncludeFiles.c.o   -c /home/shan-cao/Desktop/GitHub/Kinect/CMakeFiles/CMakeTmp/CheckIncludeFiles.c
Linking C executable cmTryCompileExec2538572094
/usr/bin/cmake -E cmake_link_script CMakeFiles/cmTryCompileExec2538572094.dir/link.txt --verbose=1
/usr/bin/cc       CMakeFiles/cmTryCompileExec2538572094.dir/CheckIncludeFiles.c.o  -o cmTryCompileExec2538572094 -rdynamic 
make[1]: Leaving directory `/home/shan-cao/Desktop/GitHub/Kinect/CMakeFiles/CMakeTmp'


Determining if the function pthread_create exists in the pthread passed with the following output:
Change Dir: /home/shan-cao/Desktop/GitHub/Kinect/CMakeFiles/CMakeTmp

Run Build Command:/usr/bin/make "cmTryCompileExec1186144123/fast"
/usr/bin/make -f CMakeFiles/cmTryCompileExec1186144123.dir/build.make CMakeFiles/cmTryCompileExec1186144123.dir/build
make[1]: Entering directory `/home/shan-cao/Desktop/GitHub/Kinect/CMakeFiles/CMakeTmp'
/usr/bin/cmake -E cmake_progress_report /home/shan-cao/Desktop/GitHub/Kinect/CMakeFiles/CMakeTmp/CMakeFiles 1
Building C object CMakeFiles/cmTryCompileExec1186144123.dir/CheckFunctionExists.c.o
/usr/bin/cc   -DCHECK_FUNCTION_EXISTS=pthread_create   -o CMakeFiles/cmTryCompileExec1186144123.dir/CheckFunctionExists.c.o   -c /usr/share/cmake-2.8/Modules/CheckFunctionExists.c
Linking C executable cmTryCompileExec1186144123
/usr/bin/cmake -E cmake_link_script CMakeFiles/cmTryCompileExec1186144123.dir/link.txt --verbose=1
/usr/bin/cc   -DCHECK_FUNCTION_EXISTS=pthread_create    CMakeFiles/cmTryCompileExec1186144123.dir/CheckFunctionExists.c.o  -o cmTryCompileExec1186144123 -rdynamic -lpthread 
make[1]: Leaving directory `/home/shan-cao/Desktop/GitHub/Kinect/CMakeFiles/CMakeTmp'


Determining if the function XOpenDisplay exists in the /usr/lib/x86_64-linux-gnu/libX11.so;/usr/lib/x86_64-linux-gnu/libXext.so passed with the following output:
Change Dir: /home/shan-cao/Desktop/GitHub/Kinect/CMakeFiles/CMakeTmp

Run Build Command:/usr/bin/make "cmTryCompileExec3985282164/fast"
/usr/bin/make -f CMakeFiles/cmTryCompileExec3985282164.dir/build.make CMakeFiles/cmTryCompileExec3985282164.dir/build
make[1]: Entering directory `/home/shan-cao/Desktop/GitHub/Kinect/CMakeFiles/CMakeTmp'
/usr/bin/cmake -E cmake_progress_report /home/shan-cao/Desktop/GitHub/Kinect/CMakeFiles/CMakeTmp/CMakeFiles 1
Building C object CMakeFiles/cmTryCompileExec3985282164.dir/CheckFunctionExists.c.o
/usr/bin/cc   -DCHECK_FUNCTION_EXISTS=XOpenDisplay   -o CMakeFiles/cmTryCompileExec3985282164.dir/CheckFunctionExists.c.o   -c /usr/share/cmake-2.8/Modules/CheckFunctionExists.c
Linking C executable cmTryCompileExec3985282164
/usr/bin/cmake -E cmake_link_script CMakeFiles/cmTryCompileExec3985282164.dir/link.txt --verbose=1
/usr/bin/cc   -DCHECK_FUNCTION_EXISTS=XOpenDisplay    CMakeFiles/cmTryCompileExec3985282164.dir/CheckFunctionExists.c.o  -o cmTryCompileExec3985282164 -rdynamic -lX11 -lXext 
make[1]: Leaving directory `/home/shan-cao/Desktop/GitHub/Kinect/CMakeFiles/CMakeTmp'


Determining if the function gethostbyname exists passed with the following output:
Change Dir: /home/shan-cao/Desktop/GitHub/Kinect/CMakeFiles/CMakeTmp

Run Build Command:/usr/bin/make "cmTryCompileExec410944041/fast"
/usr/bin/make -f CMakeFiles/cmTryCompileExec410944041.dir/build.make CMakeFiles/cmTryCompileExec410944041.dir/build
make[1]: Entering directory `/home/shan-cao/Desktop/GitHub/Kinect/CMakeFiles/CMakeTmp'
/usr/bin/cmake -E cmake_progress_report /home/shan-cao/Desktop/GitHub/Kinect/CMakeFiles/CMakeTmp/CMakeFiles 1
Building C object CMakeFiles/cmTryCompileExec410944041.dir/CheckFunctionExists.c.o
/usr/bin/cc   -DCHECK_FUNCTION_EXISTS=gethostbyname   -o CMakeFiles/cmTryCompileExec410944041.dir/CheckFunctionExists.c.o   -c /usr/share/cmake-2.8/Modules/CheckFunctionExists.c
Linking C executable cmTryCompileExec410944041
/usr/bin/cmake -E cmake_link_script CMakeFiles/cmTryCompileExec410944041.dir/link.txt --verbose=1
/usr/bin/cc   -DCHECK_FUNCTION_EXISTS=gethostbyname    CMakeFiles/cmTryCompileExec410944041.dir/CheckFunctionExists.c.o  -o cmTryCompileExec410944041 -rdynamic 
make[1]: Leaving directory `/home/shan-cao/Desktop/GitHub/Kinect/CMakeFiles/CMakeTmp'


Determining if the function connect exists passed with the following output:
Change Dir: /home/shan-cao/Desktop/GitHub/Kinect/CMakeFiles/CMakeTmp

Run Build Command:/usr/bin/make "cmTryCompileExec1674903101/fast"
/usr/bin/make -f CMakeFiles/cmTryCompileExec1674903101.dir/build.make CMakeFiles/cmTryCompileExec1674903101.dir/build
make[1]: Entering directory `/home/shan-cao/Desktop/GitHub/Kinect/CMakeFiles/CMakeTmp'
/usr/bin/cmake -E cmake_progress_report /home/shan-cao/Desktop/GitHub/Kinect/CMakeFiles/CMakeTmp/CMakeFiles 1
Building C object CMakeFiles/cmTryCompileExec1674903101.dir/CheckFunctionExists.c.o
/usr/bin/cc   -DCHECK_FUNCTION_EXISTS=connect   -o CMakeFiles/cmTryCompileExec1674903101.dir/CheckFunctionExists.c.o   -c /usr/share/cmake-2.8/Modules/CheckFunctionExists.c
Linking C executable cmTryCompileExec1674903101
/usr/bin/cmake -E cmake_link_script CMakeFiles/cmTryCompileExec1674903101.dir/link.txt --verbose=1
/usr/bin/cc   -DCHECK_FUNCTION_EXISTS=connect    CMakeFiles/cmTryCompileExec1674903101.dir/CheckFunctionExists.c.o  -o cmTryCompileExec1674903101 -rdynamic 
make[1]: Leaving directory `/home/shan-cao/Desktop/GitHub/Kinect/CMakeFiles/CMakeTmp'


Determining if the function remove exists passed with the following output:
Change Dir: /home/shan-cao/Desktop/GitHub/Kinect/CMakeFiles/CMakeTmp

Run Build Command:/usr/bin/make "cmTryCompileExec1859424862/fast"
/usr/bin/make -f CMakeFiles/cmTryCompileExec1859424862.dir/build.make CMakeFiles/cmTryCompileExec1859424862.dir/build
make[1]: Entering directory `/home/shan-cao/Desktop/GitHub/Kinect/CMakeFiles/CMakeTmp'
/usr/bin/cmake -E cmake_progress_report /home/shan-cao/Desktop/GitHub/Kinect/CMakeFiles/CMakeTmp/CMakeFiles 1
Building C object CMakeFiles/cmTryCompileExec1859424862.dir/CheckFunctionExists.c.o
/usr/bin/cc   -DCHECK_FUNCTION_EXISTS=remove   -o CMakeFiles/cmTryCompileExec1859424862.dir/CheckFunctionExists.c.o   -c /usr/share/cmake-2.8/Modules/CheckFunctionExists.c
Linking C executable cmTryCompileExec1859424862
/usr/bin/cmake -E cmake_link_script CMakeFiles/cmTryCompileExec1859424862.dir/link.txt --verbose=1
/usr/bin/cc   -DCHECK_FUNCTION_EXISTS=remove    CMakeFiles/cmTryCompileExec1859424862.dir/CheckFunctionExists.c.o  -o cmTryCompileExec1859424862 -rdynamic 
make[1]: Leaving directory `/home/shan-cao/Desktop/GitHub/Kinect/CMakeFiles/CMakeTmp'


Determining if the function shmat exists passed with the following output:
Change Dir: /home/shan-cao/Desktop/GitHub/Kinect/CMakeFiles/CMakeTmp

Run Build Command:/usr/bin/make "cmTryCompileExec4098995725/fast"
/usr/bin/make -f CMakeFiles/cmTryCompileExec4098995725.dir/build.make CMakeFiles/cmTryCompileExec4098995725.dir/build
make[1]: Entering directory `/home/shan-cao/Desktop/GitHub/Kinect/CMakeFiles/CMakeTmp'
/usr/bin/cmake -E cmake_progress_report /home/shan-cao/Desktop/GitHub/Kinect/CMakeFiles/CMakeTmp/CMakeFiles 1
Building C object CMakeFiles/cmTryCompileExec4098995725.dir/CheckFunctionExists.c.o
/usr/bin/cc   -DCHECK_FUNCTION_EXISTS=shmat   -o CMakeFiles/cmTryCompileExec4098995725.dir/CheckFunctionExists.c.o   -c /usr/share/cmake-2.8/Modules/CheckFunctionExists.c
Linking C executable cmTryCompileExec4098995725
/usr/bin/cmake -E cmake_link_script CMakeFiles/cmTryCompileExec4098995725.dir/link.txt --verbose=1
/usr/bin/cc   -DCHECK_FUNCTION_EXISTS=shmat    CMakeFiles/cmTryCompileExec4098995725.dir/CheckFunctionExists.c.o  -o cmTryCompileExec4098995725 -rdynamic 
make[1]: Leaving directory `/home/shan-cao/Desktop/GitHub/Kinect/CMakeFiles/CMakeTmp'


Determining if the function IceConnectionNumber exists in the ICE passed with the following output:
Change Dir: /home/shan-cao/Desktop/GitHub/Kinect/CMakeFiles/CMakeTmp

Run Build Command:/usr/bin/make "cmTryCompileExec204738823/fast"
/usr/bin/make -f CMakeFiles/cmTryCompileExec204738823.dir/build.make CMakeFiles/cmTryCompileExec204738823.dir/build
make[1]: Entering directory `/home/shan-cao/Desktop/GitHub/Kinect/CMakeFiles/CMakeTmp'
/usr/bin/cmake -E cmake_progress_report /home/shan-cao/Desktop/GitHub/Kinect/CMakeFiles/CMakeTmp/CMakeFiles 1
Building C object CMakeFiles/cmTryCompileExec204738823.dir/CheckFunctionExists.c.o
/usr/bin/cc   -DCHECK_FUNCTION_EXISTS=IceConnectionNumber   -o CMakeFiles/cmTryCompileExec204738823.dir/CheckFunctionExists.c.o   -c /usr/share/cmake-2.8/Modules/CheckFunctionExists.c
Linking C executable cmTryCompileExec204738823
/usr/bin/cmake -E cmake_link_script CMakeFiles/cmTryCompileExec204738823.dir/link.txt --verbose=1
/usr/bin/cc   -DCHECK_FUNCTION_EXISTS=IceConnectionNumber    CMakeFiles/cmTryCompileExec204738823.dir/CheckFunctionExists.c.o  -o cmTryCompileExec204738823 -rdynamic -lICE 
make[1]: Leaving directory `/home/shan-cao/Desktop/GitHub/Kinect/CMakeFiles/CMakeTmp'


Determining if files pthread.h exist passed with the following output:
Change Dir: /home/shan-cao/Desktop/GitHub/Kinect/CMakeFiles/CMakeTmp

Run Build Command:/usr/bin/make "cmTryCompileExec2641463559/fast"
/usr/bin/make -f CMakeFiles/cmTryCompileExec2641463559.dir/build.make CMakeFiles/cmTryCompileExec2641463559.dir/build
make[1]: Entering directory `/home/shan-cao/Desktop/GitHub/Kinect/CMakeFiles/CMakeTmp'
/usr/bin/cmake -E cmake_progress_report /home/shan-cao/Desktop/GitHub/Kinect/CMakeFiles/CMakeTmp/CMakeFiles 1
Building C object CMakeFiles/cmTryCompileExec2641463559.dir/CheckIncludeFiles.c.o
/usr/bin/cc    -o CMakeFiles/cmTryCompileExec2641463559.dir/CheckIncludeFiles.c.o   -c /home/shan-cao/Desktop/GitHub/Kinect/CMakeFiles/CMakeTmp/CheckIncludeFiles.c
Linking C executable cmTryCompileExec2641463559
/usr/bin/cmake -E cmake_link_script CMakeFiles/cmTryCompileExec2641463559.dir/link.txt --verbose=1
/usr/bin/cc       CMakeFiles/cmTryCompileExec2641463559.dir/CheckIncludeFiles.c.o  -o cmTryCompileExec2641463559 -rdynamic 
make[1]: Leaving directory `/home/shan-cao/Desktop/GitHub/Kinect/CMakeFiles/CMakeTmp'


Determining if the function pthread_create exists in the pthread passed with the following output:
Change Dir: /home/shan-cao/Desktop/GitHub/Kinect/CMakeFiles/CMakeTmp

Run Build Command:/usr/bin/make "cmTryCompileExec2601596705/fast"
/usr/bin/make -f CMakeFiles/cmTryCompileExec2601596705.dir/build.make CMakeFiles/cmTryCompileExec2601596705.dir/build
make[1]: Entering directory `/home/shan-cao/Desktop/GitHub/Kinect/CMakeFiles/CMakeTmp'
/usr/bin/cmake -E cmake_progress_report /home/shan-cao/Desktop/GitHub/Kinect/CMakeFiles/CMakeTmp/CMakeFiles 1
Building C object CMakeFiles/cmTryCompileExec2601596705.dir/CheckFunctionExists.c.o
/usr/bin/cc   -DCHECK_FUNCTION_EXISTS=pthread_create   -o CMakeFiles/cmTryCompileExec2601596705.dir/CheckFunctionExists.c.o   -c /usr/share/cmake-2.8/Modules/CheckFunctionExists.c
Linking C executable cmTryCompileExec2601596705
/usr/bin/cmake -E cmake_link_script CMakeFiles/cmTryCompileExec2601596705.dir/link.txt --verbose=1
/usr/bin/cc   -DCHECK_FUNCTION_EXISTS=pthread_create    CMakeFiles/cmTryCompileExec2601596705.dir/CheckFunctionExists.c.o  -o cmTryCompileExec2601596705 -rdynamic -lpthread 
make[1]: Leaving directory `/home/shan-cao/Desktop/GitHub/Kinect/CMakeFiles/CMakeTmp'


Determining if the function XOpenDisplay exists in the /usr/lib/x86_64-linux-gnu/libX11.so;/usr/lib/x86_64-linux-gnu/libXext.so passed with the following output:
Change Dir: /home/shan-cao/Desktop/GitHub/Kinect/CMakeFiles/CMakeTmp

Run Build Command:/usr/bin/make "cmTryCompileExec3603953160/fast"
/usr/bin/make -f CMakeFiles/cmTryCompileExec3603953160.dir/build.make CMakeFiles/cmTryCompileExec3603953160.dir/build
make[1]: Entering directory `/home/shan-cao/Desktop/GitHub/Kinect/CMakeFiles/CMakeTmp'
/usr/bin/cmake -E cmake_progress_report /home/shan-cao/Desktop/GitHub/Kinect/CMakeFiles/CMakeTmp/CMakeFiles 1
Building C object CMakeFiles/cmTryCompileExec3603953160.dir/CheckFunctionExists.c.o
/usr/bin/cc   -DCHECK_FUNCTION_EXISTS=XOpenDisplay   -o CMakeFiles/cmTryCompileExec3603953160.dir/CheckFunctionExists.c.o   -c /usr/share/cmake-2.8/Modules/CheckFunctionExists.c
Linking C executable cmTryCompileExec3603953160
/usr/bin/cmake -E cmake_link_script CMakeFiles/cmTryCompileExec3603953160.dir/link.txt --verbose=1
/usr/bin/cc   -DCHECK_FUNCTION_EXISTS=XOpenDisplay    CMakeFiles/cmTryCompileExec3603953160.dir/CheckFunctionExists.c.o  -o cmTryCompileExec3603953160 -rdynamic -lX11 -lXext 
make[1]: Leaving directory `/home/shan-cao/Desktop/GitHub/Kinect/CMakeFiles/CMakeTmp'


Determining if the function gethostbyname exists passed with the following output:
Change Dir: /home/shan-cao/Desktop/GitHub/Kinect/CMakeFiles/CMakeTmp

Run Build Command:/usr/bin/make "cmTryCompileExec3245773246/fast"
/usr/bin/make -f CMakeFiles/cmTryCompileExec3245773246.dir/build.make CMakeFiles/cmTryCompileExec3245773246.dir/build
make[1]: Entering directory `/home/shan-cao/Desktop/GitHub/Kinect/CMakeFiles/CMakeTmp'
/usr/bin/cmake -E cmake_progress_report /home/shan-cao/Desktop/GitHub/Kinect/CMakeFiles/CMakeTmp/CMakeFiles 1
Building C object CMakeFiles/cmTryCompileExec3245773246.dir/CheckFunctionExists.c.o
/usr/bin/cc   -DCHECK_FUNCTION_EXISTS=gethostbyname   -o CMakeFiles/cmTryCompileExec3245773246.dir/CheckFunctionExists.c.o   -c /usr/share/cmake-2.8/Modules/CheckFunctionExists.c
Linking C executable cmTryCompileExec3245773246
/usr/bin/cmake -E cmake_link_script CMakeFiles/cmTryCompileExec3245773246.dir/link.txt --verbose=1
/usr/bin/cc   -DCHECK_FUNCTION_EXISTS=gethostbyname    CMakeFiles/cmTryCompileExec3245773246.dir/CheckFunctionExists.c.o  -o cmTryCompileExec3245773246 -rdynamic 
make[1]: Leaving directory `/home/shan-cao/Desktop/GitHub/Kinect/CMakeFiles/CMakeTmp'


Determining if the function connect exists passed with the following output:
Change Dir: /home/shan-cao/Desktop/GitHub/Kinect/CMakeFiles/CMakeTmp

Run Build Command:/usr/bin/make "cmTryCompileExec2748866763/fast"
/usr/bin/make -f CMakeFiles/cmTryCompileExec2748866763.dir/build.make CMakeFiles/cmTryCompileExec2748866763.dir/build
make[1]: Entering directory `/home/shan-cao/Desktop/GitHub/Kinect/CMakeFiles/CMakeTmp'
/usr/bin/cmake -E cmake_progress_report /home/shan-cao/Desktop/GitHub/Kinect/CMakeFiles/CMakeTmp/CMakeFiles 1
Building C object CMakeFiles/cmTryCompileExec2748866763.dir/CheckFunctionExists.c.o
/usr/bin/cc   -DCHECK_FUNCTION_EXISTS=connect   -o CMakeFiles/cmTryCompileExec2748866763.dir/CheckFunctionExists.c.o   -c /usr/share/cmake-2.8/Modules/CheckFunctionExists.c
Linking C executable cmTryCompileExec2748866763
/usr/bin/cmake -E cmake_link_script CMakeFiles/cmTryCompileExec2748866763.dir/link.txt --verbose=1
/usr/bin/cc   -DCHECK_FUNCTION_EXISTS=connect    CMakeFiles/cmTryCompileExec2748866763.dir/CheckFunctionExists.c.o  -o cmTryCompileExec2748866763 -rdynamic 
make[1]: Leaving directory `/home/shan-cao/Desktop/GitHub/Kinect/CMakeFiles/CMakeTmp'


Determining if the function remove exists passed with the following output:
Change Dir: /home/shan-cao/Desktop/GitHub/Kinect/CMakeFiles/CMakeTmp

Run Build Command:/usr/bin/make "cmTryCompileExec1214453891/fast"
/usr/bin/make -f CMakeFiles/cmTryCompileExec1214453891.dir/build.make CMakeFiles/cmTryCompileExec1214453891.dir/build
make[1]: Entering directory `/home/shan-cao/Desktop/GitHub/Kinect/CMakeFiles/CMakeTmp'
/usr/bin/cmake -E cmake_progress_report /home/shan-cao/Desktop/GitHub/Kinect/CMakeFiles/CMakeTmp/CMakeFiles 1
Building C object CMakeFiles/cmTryCompileExec1214453891.dir/CheckFunctionExists.c.o
/usr/bin/cc   -DCHECK_FUNCTION_EXISTS=remove   -o CMakeFiles/cmTryCompileExec1214453891.dir/CheckFunctionExists.c.o   -c /usr/share/cmake-2.8/Modules/CheckFunctionExists.c
Linking C executable cmTryCompileExec1214453891
/usr/bin/cmake -E cmake_link_script CMakeFiles/cmTryCompileExec1214453891.dir/link.txt --verbose=1
/usr/bin/cc   -DCHECK_FUNCTION_EXISTS=remove    CMakeFiles/cmTryCompileExec1214453891.dir/CheckFunctionExists.c.o  -o cmTryCompileExec1214453891 -rdynamic 
make[1]: Leaving directory `/home/shan-cao/Desktop/GitHub/Kinect/CMakeFiles/CMakeTmp'


Determining if the function shmat exists passed with the following output:
Change Dir: /home/shan-cao/Desktop/GitHub/Kinect/CMakeFiles/CMakeTmp

Run Build Command:/usr/bin/make "cmTryCompileExec3282638555/fast"
/usr/bin/make -f CMakeFiles/cmTryCompileExec3282638555.dir/build.make CMakeFiles/cmTryCompileExec3282638555.dir/build
make[1]: Entering directory `/home/shan-cao/Desktop/GitHub/Kinect/CMakeFiles/CMakeTmp'
/usr/bin/cmake -E cmake_progress_report /home/shan-cao/Desktop/GitHub/Kinect/CMakeFiles/CMakeTmp/CMakeFiles 1
Building C object CMakeFiles/cmTryCompileExec3282638555.dir/CheckFunctionExists.c.o
/usr/bin/cc   -DCHECK_FUNCTION_EXISTS=shmat   -o CMakeFiles/cmTryCompileExec3282638555.dir/CheckFunctionExists.c.o   -c /usr/share/cmake-2.8/Modules/CheckFunctionExists.c
Linking C executable cmTryCompileExec3282638555
/usr/bin/cmake -E cmake_link_script CMakeFiles/cmTryCompileExec3282638555.dir/link.txt --verbose=1
/usr/bin/cc   -DCHECK_FUNCTION_EXISTS=shmat    CMakeFiles/cmTryCompileExec3282638555.dir/CheckFunctionExists.c.o  -o cmTryCompileExec3282638555 -rdynamic 
make[1]: Leaving directory `/home/shan-cao/Desktop/GitHub/Kinect/CMakeFiles/CMakeTmp'


Determining if the function IceConnectionNumber exists in the ICE passed with the following output:
Change Dir: /home/shan-cao/Desktop/GitHub/Kinect/CMakeFiles/CMakeTmp

Run Build Command:/usr/bin/make "cmTryCompileExec1891003906/fast"
/usr/bin/make -f CMakeFiles/cmTryCompileExec1891003906.dir/build.make CMakeFiles/cmTryCompileExec1891003906.dir/build
make[1]: Entering directory `/home/shan-cao/Desktop/GitHub/Kinect/CMakeFiles/CMakeTmp'
/usr/bin/cmake -E cmake_progress_report /home/shan-cao/Desktop/GitHub/Kinect/CMakeFiles/CMakeTmp/CMakeFiles 1
Building C object CMakeFiles/cmTryCompileExec1891003906.dir/CheckFunctionExists.c.o
/usr/bin/cc   -DCHECK_FUNCTION_EXISTS=IceConnectionNumber   -o CMakeFiles/cmTryCompileExec1891003906.dir/CheckFunctionExists.c.o   -c /usr/share/cmake-2.8/Modules/CheckFunctionExists.c
Linking C executable cmTryCompileExec1891003906
/usr/bin/cmake -E cmake_link_script CMakeFiles/cmTryCompileExec1891003906.dir/link.txt --verbose=1
/usr/bin/cc   -DCHECK_FUNCTION_EXISTS=IceConnectionNumber    CMakeFiles/cmTryCompileExec1891003906.dir/CheckFunctionExists.c.o  -o cmTryCompileExec1891003906 -rdynamic -lICE 
make[1]: Leaving directory `/home/shan-cao/Desktop/GitHub/Kinect/CMakeFiles/CMakeTmp'


Determining if files pthread.h exist passed with the following output:
Change Dir: /home/shan-cao/Desktop/GitHub/Kinect/CMakeFiles/CMakeTmp

Run Build Command:/usr/bin/make "cmTryCompileExec1134139898/fast"
/usr/bin/make -f CMakeFiles/cmTryCompileExec1134139898.dir/build.make CMakeFiles/cmTryCompileExec1134139898.dir/build
make[1]: Entering directory `/home/shan-cao/Desktop/GitHub/Kinect/CMakeFiles/CMakeTmp'
/usr/bin/cmake -E cmake_progress_report /home/shan-cao/Desktop/GitHub/Kinect/CMakeFiles/CMakeTmp/CMakeFiles 1
Building C object CMakeFiles/cmTryCompileExec1134139898.dir/CheckIncludeFiles.c.o
/usr/bin/cc    -o CMakeFiles/cmTryCompileExec1134139898.dir/CheckIncludeFiles.c.o   -c /home/shan-cao/Desktop/GitHub/Kinect/CMakeFiles/CMakeTmp/CheckIncludeFiles.c
Linking C executable cmTryCompileExec1134139898
/usr/bin/cmake -E cmake_link_script CMakeFiles/cmTryCompileExec1134139898.dir/link.txt --verbose=1
/usr/bin/cc       CMakeFiles/cmTryCompileExec1134139898.dir/CheckIncludeFiles.c.o  -o cmTryCompileExec1134139898 -rdynamic 
make[1]: Leaving directory `/home/shan-cao/Desktop/GitHub/Kinect/CMakeFiles/CMakeTmp'


Determining if the function pthread_create exists in the pthread passed with the following output:
Change Dir: /home/shan-cao/Desktop/GitHub/Kinect/CMakeFiles/CMakeTmp

Run Build Command:/usr/bin/make "cmTryCompileExec2533375614/fast"
/usr/bin/make -f CMakeFiles/cmTryCompileExec2533375614.dir/build.make CMakeFiles/cmTryCompileExec2533375614.dir/build
make[1]: Entering directory `/home/shan-cao/Desktop/GitHub/Kinect/CMakeFiles/CMakeTmp'
/usr/bin/cmake -E cmake_progress_report /home/shan-cao/Desktop/GitHub/Kinect/CMakeFiles/CMakeTmp/CMakeFiles 1
Building C object CMakeFiles/cmTryCompileExec2533375614.dir/CheckFunctionExists.c.o
/usr/bin/cc   -DCHECK_FUNCTION_EXISTS=pthread_create   -o CMakeFiles/cmTryCompileExec2533375614.dir/CheckFunctionExists.c.o   -c /usr/share/cmake-2.8/Modules/CheckFunctionExists.c
Linking C executable cmTryCompileExec2533375614
/usr/bin/cmake -E cmake_link_script CMakeFiles/cmTryCompileExec2533375614.dir/link.txt --verbose=1
/usr/bin/cc   -DCHECK_FUNCTION_EXISTS=pthread_create    CMakeFiles/cmTryCompileExec2533375614.dir/CheckFunctionExists.c.o  -o cmTryCompileExec2533375614 -rdynamic -lpthread 
make[1]: Leaving directory `/home/shan-cao/Desktop/GitHub/Kinect/CMakeFiles/CMakeTmp'


Determining if the function XOpenDisplay exists in the /usr/lib/x86_64-linux-gnu/libX11.so;/usr/lib/x86_64-linux-gnu/libXext.so passed with the following output:
Change Dir: /home/shan-cao/Desktop/GitHub/Kinect/CMakeFiles/CMakeTmp

Run Build Command:/usr/bin/make "cmTryCompileExec1670727610/fast"
/usr/bin/make -f CMakeFiles/cmTryCompileExec1670727610.dir/build.make CMakeFiles/cmTryCompileExec1670727610.dir/build
make[1]: Entering directory `/home/shan-cao/Desktop/GitHub/Kinect/CMakeFiles/CMakeTmp'
/usr/bin/cmake -E cmake_progress_report /home/shan-cao/Desktop/GitHub/Kinect/CMakeFiles/CMakeTmp/CMakeFiles 1
Building C object CMakeFiles/cmTryCompileExec1670727610.dir/CheckFunctionExists.c.o
/usr/bin/cc   -DCHECK_FUNCTION_EXISTS=XOpenDisplay   -o CMakeFiles/cmTryCompileExec1670727610.dir/CheckFunctionExists.c.o   -c /usr/share/cmake-2.8/Modules/CheckFunctionExists.c
Linking C executable cmTryCompileExec1670727610
/usr/bin/cmake -E cmake_link_script CMakeFiles/cmTryCompileExec1670727610.dir/link.txt --verbose=1
/usr/bin/cc   -DCHECK_FUNCTION_EXISTS=XOpenDisplay    CMakeFiles/cmTryCompileExec1670727610.dir/CheckFunctionExists.c.o  -o cmTryCompileExec1670727610 -rdynamic -lX11 -lXext 
make[1]: Leaving directory `/home/shan-cao/Desktop/GitHub/Kinect/CMakeFiles/CMakeTmp'


Determining if the function gethostbyname exists passed with the following output:
Change Dir: /home/shan-cao/Desktop/GitHub/Kinect/CMakeFiles/CMakeTmp

Run Build Command:/usr/bin/make "cmTryCompileExec3093312684/fast"
/usr/bin/make -f CMakeFiles/cmTryCompileExec3093312684.dir/build.make CMakeFiles/cmTryCompileExec3093312684.dir/build
make[1]: Entering directory `/home/shan-cao/Desktop/GitHub/Kinect/CMakeFiles/CMakeTmp'
/usr/bin/cmake -E cmake_progress_report /home/shan-cao/Desktop/GitHub/Kinect/CMakeFiles/CMakeTmp/CMakeFiles 1
Building C object CMakeFiles/cmTryCompileExec3093312684.dir/CheckFunctionExists.c.o
/usr/bin/cc   -DCHECK_FUNCTION_EXISTS=gethostbyname   -o CMakeFiles/cmTryCompileExec3093312684.dir/CheckFunctionExists.c.o   -c /usr/share/cmake-2.8/Modules/CheckFunctionExists.c
Linking C executable cmTryCompileExec3093312684
/usr/bin/cmake -E cmake_link_script CMakeFiles/cmTryCompileExec3093312684.dir/link.txt --verbose=1
/usr/bin/cc   -DCHECK_FUNCTION_EXISTS=gethostbyname    CMakeFiles/cmTryCompileExec3093312684.dir/CheckFunctionExists.c.o  -o cmTryCompileExec3093312684 -rdynamic 
make[1]: Leaving directory `/home/shan-cao/Desktop/GitHub/Kinect/CMakeFiles/CMakeTmp'


Determining if the function connect exists passed with the following output:
Change Dir: /home/shan-cao/Desktop/GitHub/Kinect/CMakeFiles/CMakeTmp

Run Build Command:/usr/bin/make "cmTryCompileExec938642885/fast"
/usr/bin/make -f CMakeFiles/cmTryCompileExec938642885.dir/build.make CMakeFiles/cmTryCompileExec938642885.dir/build
make[1]: Entering directory `/home/shan-cao/Desktop/GitHub/Kinect/CMakeFiles/CMakeTmp'
/usr/bin/cmake -E cmake_progress_report /home/shan-cao/Desktop/GitHub/Kinect/CMakeFiles/CMakeTmp/CMakeFiles 1
Building C object CMakeFiles/cmTryCompileExec938642885.dir/CheckFunctionExists.c.o
/usr/bin/cc   -DCHECK_FUNCTION_EXISTS=connect   -o CMakeFiles/cmTryCompileExec938642885.dir/CheckFunctionExists.c.o   -c /usr/share/cmake-2.8/Modules/CheckFunctionExists.c
Linking C executable cmTryCompileExec938642885
/usr/bin/cmake -E cmake_link_script CMakeFiles/cmTryCompileExec938642885.dir/link.txt --verbose=1
/usr/bin/cc   -DCHECK_FUNCTION_EXISTS=connect    CMakeFiles/cmTryCompileExec938642885.dir/CheckFunctionExists.c.o  -o cmTryCompileExec938642885 -rdynamic 
make[1]: Leaving directory `/home/shan-cao/Desktop/GitHub/Kinect/CMakeFiles/CMakeTmp'


Determining if the function remove exists passed with the following output:
Change Dir: /home/shan-cao/Desktop/GitHub/Kinect/CMakeFiles/CMakeTmp

Run Build Command:/usr/bin/make "cmTryCompileExec1873269797/fast"
/usr/bin/make -f CMakeFiles/cmTryCompileExec1873269797.dir/build.make CMakeFiles/cmTryCompileExec1873269797.dir/build
make[1]: Entering directory `/home/shan-cao/Desktop/GitHub/Kinect/CMakeFiles/CMakeTmp'
/usr/bin/cmake -E cmake_progress_report /home/shan-cao/Desktop/GitHub/Kinect/CMakeFiles/CMakeTmp/CMakeFiles 1
Building C object CMakeFiles/cmTryCompileExec1873269797.dir/CheckFunctionExists.c.o
/usr/bin/cc   -DCHECK_FUNCTION_EXISTS=remove   -o CMakeFiles/cmTryCompileExec1873269797.dir/CheckFunctionExists.c.o   -c /usr/share/cmake-2.8/Modules/CheckFunctionExists.c
Linking C executable cmTryCompileExec1873269797
/usr/bin/cmake -E cmake_link_script CMakeFiles/cmTryCompileExec1873269797.dir/link.txt --verbose=1
/usr/bin/cc   -DCHECK_FUNCTION_EXISTS=remove    CMakeFiles/cmTryCompileExec1873269797.dir/CheckFunctionExists.c.o  -o cmTryCompileExec1873269797 -rdynamic 
make[1]: Leaving directory `/home/shan-cao/Desktop/GitHub/Kinect/CMakeFiles/CMakeTmp'


Determining if the function shmat exists passed with the following output:
Change Dir: /home/shan-cao/Desktop/GitHub/Kinect/CMakeFiles/CMakeTmp

Run Build Command:/usr/bin/make "cmTryCompileExec2269066610/fast"
/usr/bin/make -f CMakeFiles/cmTryCompileExec2269066610.dir/build.make CMakeFiles/cmTryCompileExec2269066610.dir/build
make[1]: Entering directory `/home/shan-cao/Desktop/GitHub/Kinect/CMakeFiles/CMakeTmp'
/usr/bin/cmake -E cmake_progress_report /home/shan-cao/Desktop/GitHub/Kinect/CMakeFiles/CMakeTmp/CMakeFiles 1
Building C object CMakeFiles/cmTryCompileExec2269066610.dir/CheckFunctionExists.c.o
/usr/bin/cc   -DCHECK_FUNCTION_EXISTS=shmat   -o CMakeFiles/cmTryCompileExec2269066610.dir/CheckFunctionExists.c.o   -c /usr/share/cmake-2.8/Modules/CheckFunctionExists.c
Linking C executable cmTryCompileExec2269066610
/usr/bin/cmake -E cmake_link_script CMakeFiles/cmTryCompileExec2269066610.dir/link.txt --verbose=1
/usr/bin/cc   -DCHECK_FUNCTION_EXISTS=shmat    CMakeFiles/cmTryCompileExec2269066610.dir/CheckFunctionExists.c.o  -o cmTryCompileExec2269066610 -rdynamic 
make[1]: Leaving directory `/home/shan-cao/Desktop/GitHub/Kinect/CMakeFiles/CMakeTmp'


Determining if the function IceConnectionNumber exists in the ICE passed with the following output:
Change Dir: /home/shan-cao/Desktop/GitHub/Kinect/CMakeFiles/CMakeTmp

Run Build Command:/usr/bin/make "cmTryCompileExec1073579876/fast"
/usr/bin/make -f CMakeFiles/cmTryCompileExec1073579876.dir/build.make CMakeFiles/cmTryCompileExec1073579876.dir/build
make[1]: Entering directory `/home/shan-cao/Desktop/GitHub/Kinect/CMakeFiles/CMakeTmp'
/usr/bin/cmake -E cmake_progress_report /home/shan-cao/Desktop/GitHub/Kinect/CMakeFiles/CMakeTmp/CMakeFiles 1
Building C object CMakeFiles/cmTryCompileExec1073579876.dir/CheckFunctionExists.c.o
/usr/bin/cc   -DCHECK_FUNCTION_EXISTS=IceConnectionNumber   -o CMakeFiles/cmTryCompileExec1073579876.dir/CheckFunctionExists.c.o   -c /usr/share/cmake-2.8/Modules/CheckFunctionExists.c
Linking C executable cmTryCompileExec1073579876
/usr/bin/cmake -E cmake_link_script CMakeFiles/cmTryCompileExec1073579876.dir/link.txt --verbose=1
/usr/bin/cc   -DCHECK_FUNCTION_EXISTS=IceConnectionNumber    CMakeFiles/cmTryCompileExec1073579876.dir/CheckFunctionExists.c.o  -o cmTryCompileExec1073579876 -rdynamic -lICE 
make[1]: Leaving directory `/home/shan-cao/Desktop/GitHub/Kinect/CMakeFiles/CMakeTmp'


